{"numFailedTestSuites":0,"numFailedTests":0,"numPassedTestSuites":1,"numPassedTests":3,"numPendingTestSuites":0,"numPendingTests":0,"numRuntimeErrorTestSuites":0,"numTodoTests":0,"numTotalTestSuites":1,"numTotalTests":3,"openHandles":[],"snapshot":{"added":0,"didUpdate":false,"failure":false,"filesAdded":0,"filesRemoved":0,"filesRemovedList":[],"filesUnmatched":0,"filesUpdated":0,"matched":0,"total":0,"unchecked":0,"uncheckedKeysByFile":[],"unmatched":0,"updated":0},"startTime":1756499779476,"success":true,"testResults":[{"assertionResults":[{"ancestorTitles":["Devices E2E"],"duration":126,"failureDetails":[],"failureMessages":[],"fullName":"Devices E2E register -> heartbeat -> list","invocations":1,"location":null,"numPassingAsserts":5,"retryReasons":[],"status":"passed","title":"register -> heartbeat -> list"},{"ancestorTitles":["Devices E2E"],"duration":32,"failureDetails":[],"failureMessages":[],"fullName":"Devices E2E pairing claim rotates secret","invocations":1,"location":null,"numPassingAsserts":2,"retryReasons":[],"status":"passed","title":"pairing claim rotates secret"},{"ancestorTitles":["Devices E2E"],"duration":28,"failureDetails":[],"failureMessages":[],"fullName":"Devices E2E command queue enqueues and returns on heartbeat","invocations":1,"location":null,"numPassingAsserts":3,"retryReasons":[],"status":"passed","title":"command queue enqueues and returns on heartbeat"}],"endTime":1756499781063,"message":"","name":"/var/www/posterrama/__tests__/devices/devices.e2e.test.js","startTime":1756499779504,"status":"passed","summary":""}],"wasInterrupted":false,"coverageMap":{"/var/www/posterrama/utils/logger.js":{"path":"/var/www/posterrama/utils/logger.js","statementMap":{"0":{"start":{"line":1,"column":16},"end":{"line":1,"column":34}},"1":{"start":{"line":2,"column":13},"end":{"line":2,"column":28}},"2":{"start":{"line":3,"column":11},"end":{"line":3,"column":24}},"3":{"start":{"line":6,"column":16},"end":{"line":6,"column":50}},"4":{"start":{"line":7,"column":0},"end":{"line":9,"column":1}},"5":{"start":{"line":8,"column":4},"end":{"line":8,"column":47}},"6":{"start":{"line":12,"column":22},"end":{"line":28,"column":2}},"7":{"start":{"line":13,"column":4},"end":{"line":26,"column":5}},"8":{"start":{"line":14,"column":8},"end":{"line":25,"column":9}},"9":{"start":{"line":15,"column":12},"end":{"line":22,"column":14}},"10":{"start":{"line":18,"column":20},"end":{"line":18,"column":76}},"11":{"start":{"line":18,"column":49},"end":{"line":18,"column":76}},"12":{"start":{"line":19,"column":20},"end":{"line":19,"column":33}},"13":{"start":{"line":24,"column":12},"end":{"line":24,"column":53}},"14":{"start":{"line":27,"column":4},"end":{"line":27,"column":16}},"15":{"start":{"line":31,"column":21},"end":{"line":61,"column":1}},"16":{"start":{"line":35,"column":12},"end":{"line":55,"column":13}},"17":{"start":{"line":36,"column":31},"end":{"line":36,"column":55}},"18":{"start":{"line":37,"column":33},"end":{"line":37,"column":63}},"19":{"start":{"line":39,"column":16},"end":{"line":49,"column":17}},"20":{"start":{"line":40,"column":20},"end":{"line":43,"column":23}},"21":{"start":{"line":45,"column":20},"end":{"line":48,"column":23}},"22":{"start":{"line":51,"column":16},"end":{"line":54,"column":19}},"23":{"start":{"line":64,"column":24},"end":{"line":122,"column":2}},"24":{"start":{"line":70,"column":12},"end":{"line":99,"column":13}},"25":{"start":{"line":71,"column":31},"end":{"line":71,"column":55}},"26":{"start":{"line":72,"column":33},"end":{"line":72,"column":63}},"27":{"start":{"line":74,"column":16},"end":{"line":90,"column":17}},"28":{"start":{"line":76,"column":20},"end":{"line":81,"column":43}},"29":{"start":{"line":84,"column":20},"end":{"line":89,"column":43}},"30":{"start":{"line":93,"column":16},"end":{"line":98,"column":39}},"31":{"start":{"line":101,"column":12},"end":{"line":105,"column":14}},"32":{"start":{"line":112,"column":12},"end":{"line":118,"column":13}},"33":{"start":{"line":114,"column":16},"end":{"line":116,"column":17}},"34":{"start":{"line":115,"column":20},"end":{"line":115,"column":46}},"35":{"start":{"line":117,"column":16},"end":{"line":117,"column":46}},"36":{"start":{"line":119,"column":12},"end":{"line":119,"column":23}},"37":{"start":{"line":125,"column":19},"end":{"line":130,"column":1}},"38":{"start":{"line":132,"column":0},"end":{"line":148,"column":1}},"39":{"start":{"line":133,"column":4},"end":{"line":147,"column":6}},"40":{"start":{"line":151,"column":15},"end":{"line":160,"column":2}},"41":{"start":{"line":163,"column":0},"end":{"line":163,"column":23}},"42":{"start":{"line":166,"column":29},"end":{"line":166,"column":95}},"43":{"start":{"line":169,"column":0},"end":{"line":173,"column":2}},"44":{"start":{"line":170,"column":4},"end":{"line":172,"column":6}},"45":{"start":{"line":171,"column":21},"end":{"line":171,"column":79}},"46":{"start":{"line":176,"column":0},"end":{"line":176,"column":55}},"47":{"start":{"line":176,"column":27},"end":{"line":176,"column":54}},"48":{"start":{"line":177,"column":0},"end":{"line":177,"column":55}},"49":{"start":{"line":177,"column":27},"end":{"line":177,"column":54}},"50":{"start":{"line":178,"column":0},"end":{"line":178,"column":57}},"51":{"start":{"line":178,"column":28},"end":{"line":178,"column":56}},"52":{"start":{"line":179,"column":0},"end":{"line":179,"column":57}},"53":{"start":{"line":179,"column":28},"end":{"line":179,"column":56}},"54":{"start":{"line":180,"column":0},"end":{"line":180,"column":57}},"55":{"start":{"line":180,"column":28},"end":{"line":180,"column":56}},"56":{"start":{"line":183,"column":0},"end":{"line":196,"column":2}},"57":{"start":{"line":184,"column":15},"end":{"line":184,"column":37}},"58":{"start":{"line":185,"column":4},"end":{"line":194,"column":5}},"59":{"start":{"line":186,"column":23},"end":{"line":186,"column":53}},"60":{"start":{"line":187,"column":31},"end":{"line":187,"column":58}},"61":{"start":{"line":188,"column":8},"end":{"line":193,"column":9}},"62":{"start":{"line":189,"column":12},"end":{"line":192,"column":15}},"63":{"start":{"line":190,"column":38},"end":{"line":190,"column":55}},"64":{"start":{"line":191,"column":16},"end":{"line":191,"column":86}},"65":{"start":{"line":195,"column":4},"end":{"line":195,"column":30}},"66":{"start":{"line":198,"column":0},"end":{"line":198,"column":24}}},"fnMap":{"0":{"name":"(anonymous_0)","decl":{"start":{"line":12,"column":37},"end":{"line":12,"column":38}},"loc":{"start":{"line":12,"column":45},"end":{"line":28,"column":1}},"line":12},"1":{"name":"(anonymous_1)","decl":{"start":{"line":17,"column":16},"end":{"line":17,"column":17}},"loc":{"start":{"line":17,"column":32},"end":{"line":20,"column":17}},"line":17},"2":{"name":"(anonymous_2)","decl":{"start":{"line":34,"column":16},"end":{"line":34,"column":17}},"loc":{"start":{"line":34,"column":22},"end":{"line":56,"column":9}},"line":34},"3":{"name":"(anonymous_3)","decl":{"start":{"line":67,"column":23},"end":{"line":67,"column":24}},"loc":{"start":{"line":67,"column":31},"end":{"line":106,"column":9}},"line":67},"4":{"name":"(anonymous_4)","decl":{"start":{"line":110,"column":15},"end":{"line":110,"column":16}},"loc":{"start":{"line":110,"column":46},"end":{"line":120,"column":9}},"line":110},"5":{"name":"(anonymous_5)","decl":{"start":{"line":169,"column":32},"end":{"line":169,"column":33}},"loc":{"start":{"line":169,"column":43},"end":{"line":173,"column":1}},"line":169},"6":{"name":"(anonymous_6)","decl":{"start":{"line":171,"column":8},"end":{"line":171,"column":9}},"loc":{"start":{"line":171,"column":21},"end":{"line":171,"column":79}},"line":171},"7":{"name":"(anonymous_7)","decl":{"start":{"line":176,"column":14},"end":{"line":176,"column":15}},"loc":{"start":{"line":176,"column":27},"end":{"line":176,"column":54}},"line":176},"8":{"name":"(anonymous_8)","decl":{"start":{"line":177,"column":14},"end":{"line":177,"column":15}},"loc":{"start":{"line":177,"column":27},"end":{"line":177,"column":54}},"line":177},"9":{"name":"(anonymous_9)","decl":{"start":{"line":178,"column":15},"end":{"line":178,"column":16}},"loc":{"start":{"line":178,"column":28},"end":{"line":178,"column":56}},"line":178},"10":{"name":"(anonymous_10)","decl":{"start":{"line":179,"column":15},"end":{"line":179,"column":16}},"loc":{"start":{"line":179,"column":28},"end":{"line":179,"column":56}},"line":179},"11":{"name":"(anonymous_11)","decl":{"start":{"line":180,"column":15},"end":{"line":180,"column":16}},"loc":{"start":{"line":180,"column":28},"end":{"line":180,"column":56}},"line":180},"12":{"name":"(anonymous_12)","decl":{"start":{"line":183,"column":23},"end":{"line":183,"column":24}},"loc":{"start":{"line":183,"column":54},"end":{"line":196,"column":1}},"line":183},"13":{"name":"(anonymous_13)","decl":{"start":{"line":189,"column":31},"end":{"line":189,"column":32}},"loc":{"start":{"line":189,"column":38},"end":{"line":192,"column":13}},"line":189}},"branchMap":{"0":{"loc":{"start":{"line":7,"column":0},"end":{"line":9,"column":1}},"type":"if","locations":[{"start":{"line":7,"column":0},"end":{"line":9,"column":1}},{"start":{},"end":{}}],"line":7},"1":{"loc":{"start":{"line":13,"column":4},"end":{"line":26,"column":5}},"type":"if","locations":[{"start":{"line":13,"column":4},"end":{"line":26,"column":5}},{"start":{},"end":{}}],"line":13},"2":{"loc":{"start":{"line":13,"column":8},"end":{"line":13,"column":65}},"type":"binary-expr","locations":[{"start":{"line":13,"column":8},"end":{"line":13,"column":40}},{"start":{"line":13,"column":44},"end":{"line":13,"column":65}}],"line":13},"3":{"loc":{"start":{"line":18,"column":20},"end":{"line":18,"column":76}},"type":"if","locations":[{"start":{"line":18,"column":20},"end":{"line":18,"column":76}},{"start":{},"end":{}}],"line":18},"4":{"loc":{"start":{"line":18,"column":24},"end":{"line":18,"column":47}},"type":"binary-expr","locations":[{"start":{"line":18,"column":24},"end":{"line":18,"column":38}},{"start":{"line":18,"column":42},"end":{"line":18,"column":47}}],"line":18},"5":{"loc":{"start":{"line":37,"column":33},"end":{"line":37,"column":63}},"type":"binary-expr","locations":[{"start":{"line":37,"column":33},"end":{"line":37,"column":53}},{"start":{"line":37,"column":57},"end":{"line":37,"column":63}}],"line":37},"6":{"loc":{"start":{"line":39,"column":16},"end":{"line":49,"column":17}},"type":"if","locations":[{"start":{"line":39,"column":16},"end":{"line":49,"column":17}},{"start":{"line":44,"column":23},"end":{"line":49,"column":17}}],"line":39},"7":{"loc":{"start":{"line":72,"column":33},"end":{"line":72,"column":63}},"type":"binary-expr","locations":[{"start":{"line":72,"column":33},"end":{"line":72,"column":53}},{"start":{"line":72,"column":57},"end":{"line":72,"column":63}}],"line":72},"8":{"loc":{"start":{"line":74,"column":16},"end":{"line":90,"column":17}},"type":"if","locations":[{"start":{"line":74,"column":16},"end":{"line":90,"column":17}},{"start":{"line":82,"column":23},"end":{"line":90,"column":17}}],"line":74},"9":{"loc":{"start":{"line":112,"column":12},"end":{"line":118,"column":13}},"type":"if","locations":[{"start":{"line":112,"column":12},"end":{"line":118,"column":13}},{"start":{},"end":{}}],"line":112},"10":{"loc":{"start":{"line":114,"column":16},"end":{"line":116,"column":17}},"type":"if","locations":[{"start":{"line":114,"column":16},"end":{"line":116,"column":17}},{"start":{},"end":{}}],"line":114},"11":{"loc":{"start":{"line":132,"column":0},"end":{"line":148,"column":1}},"type":"if","locations":[{"start":{"line":132,"column":0},"end":{"line":148,"column":1}},{"start":{},"end":{}}],"line":132},"12":{"loc":{"start":{"line":152,"column":11},"end":{"line":152,"column":85}},"type":"cond-expr","locations":[{"start":{"line":152,"column":45},"end":{"line":152,"column":51}},{"start":{"line":152,"column":54},"end":{"line":152,"column":85}}],"line":152},"13":{"loc":{"start":{"line":152,"column":54},"end":{"line":152,"column":85}},"type":"binary-expr","locations":[{"start":{"line":152,"column":54},"end":{"line":152,"column":75}},{"start":{"line":152,"column":79},"end":{"line":152,"column":85}}],"line":152},"14":{"loc":{"start":{"line":156,"column":8},"end":{"line":158,"column":24}},"type":"cond-expr","locations":[{"start":{"line":157,"column":14},"end":{"line":157,"column":31}},{"start":{"line":158,"column":14},"end":{"line":158,"column":24}}],"line":156},"15":{"loc":{"start":{"line":159,"column":12},"end":{"line":159,"column":81}},"type":"binary-expr","locations":[{"start":{"line":159,"column":12},"end":{"line":159,"column":43}},{"start":{"line":159,"column":47},"end":{"line":159,"column":81}}],"line":159},"16":{"loc":{"start":{"line":171,"column":21},"end":{"line":171,"column":79}},"type":"binary-expr","locations":[{"start":{"line":171,"column":21},"end":{"line":171,"column":48}},{"start":{"line":171,"column":52},"end":{"line":171,"column":79}}],"line":171},"17":{"loc":{"start":{"line":183,"column":24},"end":{"line":183,"column":36}},"type":"default-arg","locations":[{"start":{"line":183,"column":32},"end":{"line":183,"column":36}}],"line":183},"18":{"loc":{"start":{"line":183,"column":38},"end":{"line":183,"column":49}},"type":"default-arg","locations":[{"start":{"line":183,"column":46},"end":{"line":183,"column":49}}],"line":183},"19":{"loc":{"start":{"line":185,"column":4},"end":{"line":194,"column":5}},"type":"if","locations":[{"start":{"line":185,"column":4},"end":{"line":194,"column":5}},{"start":{},"end":{}}],"line":185},"20":{"loc":{"start":{"line":188,"column":8},"end":{"line":193,"column":9}},"type":"if","locations":[{"start":{"line":188,"column":8},"end":{"line":193,"column":9}},{"start":{},"end":{}}],"line":188},"21":{"loc":{"start":{"line":191,"column":23},"end":{"line":191,"column":85}},"type":"binary-expr","locations":[{"start":{"line":191,"column":23},"end":{"line":191,"column":50}},{"start":{"line":191,"column":54},"end":{"line":191,"column":85}}],"line":191}},"s":{"0":1,"1":1,"2":1,"3":1,"4":1,"5":0,"6":1,"7":0,"8":0,"9":0,"10":0,"11":0,"12":0,"13":0,"14":0,"15":1,"16":0,"17":0,"18":0,"19":0,"20":0,"21":0,"22":0,"23":1,"24":0,"25":0,"26":0,"27":0,"28":0,"29":0,"30":0,"31":0,"32":0,"33":0,"34":0,"35":0,"36":0,"37":1,"38":1,"39":0,"40":1,"41":1,"42":1,"43":1,"44":0,"45":0,"46":1,"47":10,"48":1,"49":6,"50":1,"51":0,"52":1,"53":0,"54":1,"55":8,"56":1,"57":0,"58":0,"59":0,"60":0,"61":0,"62":0,"63":0,"64":0,"65":0,"66":1},"f":{"0":0,"1":0,"2":0,"3":0,"4":0,"5":0,"6":0,"7":10,"8":6,"9":0,"10":0,"11":8,"12":0,"13":0},"b":{"0":[0,1],"1":[0,0],"2":[0,0],"3":[0,0],"4":[0,0],"5":[0,0],"6":[0,0],"7":[0,0],"8":[0,0],"9":[0,0],"10":[0,0],"11":[0,1],"12":[1,0],"13":[0,0],"14":[1,0],"15":[1,1],"16":[0,0],"17":[0],"18":[0],"19":[0,0],"20":[0,0],"21":[0,0]},"_coverageSchema":"1a1c01bbd47fc00a2c39e90264f33305004495a9","hash":"769337eb0d697fcbf30c7f937f0d78373d9ba866"},"/var/www/posterrama/utils/deviceStore.js":{"path":"/var/www/posterrama/utils/deviceStore.js","statementMap":{"0":{"start":{"line":1,"column":11},"end":{"line":1,"column":24}},"1":{"start":{"line":2,"column":12},"end":{"line":2,"column":23}},"2":{"start":{"line":3,"column":13},"end":{"line":3,"column":28}},"3":{"start":{"line":4,"column":15},"end":{"line":4,"column":32}},"4":{"start":{"line":5,"column":15},"end":{"line":5,"column":34}},"5":{"start":{"line":7,"column":18},"end":{"line":11,"column":48}},"6":{"start":{"line":13,"column":17},"end":{"line":13,"column":34}},"7":{"start":{"line":14,"column":12},"end":{"line":14,"column":16}},"8":{"start":{"line":17,"column":4},"end":{"line":22,"column":5}},"9":{"start":{"line":18,"column":8},"end":{"line":18,"column":36}},"10":{"start":{"line":20,"column":8},"end":{"line":20,"column":53}},"11":{"start":{"line":21,"column":8},"end":{"line":21,"column":63}},"12":{"start":{"line":26,"column":4},"end":{"line":26,"column":28}},"13":{"start":{"line":26,"column":15},"end":{"line":26,"column":28}},"14":{"start":{"line":27,"column":4},"end":{"line":27,"column":24}},"15":{"start":{"line":28,"column":16},"end":{"line":28,"column":53}},"16":{"start":{"line":29,"column":4},"end":{"line":33,"column":5}},"17":{"start":{"line":30,"column":8},"end":{"line":30,"column":32}},"18":{"start":{"line":32,"column":8},"end":{"line":32,"column":19}},"19":{"start":{"line":34,"column":4},"end":{"line":34,"column":17}},"20":{"start":{"line":38,"column":4},"end":{"line":38,"column":20}},"21":{"start":{"line":39,"column":4},"end":{"line":43,"column":7}},"22":{"start":{"line":40,"column":20},"end":{"line":40,"column":38}},"23":{"start":{"line":41,"column":8},"end":{"line":41,"column":75}},"24":{"start":{"line":42,"column":8},"end":{"line":42,"column":41}},"25":{"start":{"line":44,"column":4},"end":{"line":44,"column":22}},"26":{"start":{"line":48,"column":4},"end":{"line":48,"column":80}},"27":{"start":{"line":52,"column":16},"end":{"line":52,"column":31}},"28":{"start":{"line":53,"column":4},"end":{"line":53,"column":15}},"29":{"start":{"line":57,"column":16},"end":{"line":57,"column":31}},"30":{"start":{"line":58,"column":4},"end":{"line":58,"column":46}},"31":{"start":{"line":58,"column":25},"end":{"line":58,"column":36}},"32":{"start":{"line":62,"column":16},"end":{"line":62,"column":31}},"33":{"start":{"line":63,"column":16},"end":{"line":63,"column":40}},"34":{"start":{"line":65,"column":4},"end":{"line":81,"column":5}},"35":{"start":{"line":66,"column":24},"end":{"line":66,"column":87}},"36":{"start":{"line":66,"column":43},"end":{"line":66,"column":86}},"37":{"start":{"line":67,"column":8},"end":{"line":80,"column":9}},"38":{"start":{"line":68,"column":30},"end":{"line":68,"column":68}},"39":{"start":{"line":69,"column":12},"end":{"line":77,"column":14}},"40":{"start":{"line":78,"column":12},"end":{"line":78,"column":32}},"41":{"start":{"line":79,"column":12},"end":{"line":79,"column":63}},"42":{"start":{"line":83,"column":4},"end":{"line":100,"column":5}},"43":{"start":{"line":84,"column":28},"end":{"line":84,"column":88}},"44":{"start":{"line":84,"column":47},"end":{"line":84,"column":87}},"45":{"start":{"line":85,"column":8},"end":{"line":99,"column":9}},"46":{"start":{"line":87,"column":30},"end":{"line":87,"column":68}},"47":{"start":{"line":88,"column":12},"end":{"line":96,"column":14}},"48":{"start":{"line":97,"column":12},"end":{"line":97,"column":32}},"49":{"start":{"line":98,"column":12},"end":{"line":98,"column":67}},"50":{"start":{"line":102,"column":15},"end":{"line":102,"column":34}},"51":{"start":{"line":103,"column":19},"end":{"line":103,"column":57}},"52":{"start":{"line":104,"column":19},"end":{"line":121,"column":5}},"53":{"start":{"line":122,"column":4},"end":{"line":122,"column":21}},"54":{"start":{"line":123,"column":4},"end":{"line":123,"column":24}},"55":{"start":{"line":124,"column":4},"end":{"line":124,"column":30}},"56":{"start":{"line":128,"column":14},"end":{"line":128,"column":31}},"57":{"start":{"line":129,"column":4},"end":{"line":129,"column":25}},"58":{"start":{"line":129,"column":12},"end":{"line":129,"column":25}},"59":{"start":{"line":130,"column":4},"end":{"line":130,"column":47}},"60":{"start":{"line":134,"column":16},"end":{"line":134,"column":31}},"61":{"start":{"line":135,"column":16},"end":{"line":135,"column":47}},"62":{"start":{"line":135,"column":35},"end":{"line":135,"column":46}},"63":{"start":{"line":136,"column":4},"end":{"line":136,"column":32}},"64":{"start":{"line":136,"column":20},"end":{"line":136,"column":32}},"65":{"start":{"line":137,"column":16},"end":{"line":137,"column":40}},"66":{"start":{"line":138,"column":4},"end":{"line":138,"column":57}},"67":{"start":{"line":139,"column":4},"end":{"line":139,"column":24}},"68":{"start":{"line":140,"column":4},"end":{"line":140,"column":20}},"69":{"start":{"line":145,"column":12},"end":{"line":145,"column":14}},"70":{"start":{"line":146,"column":4},"end":{"line":146,"column":81}},"71":{"start":{"line":146,"column":17},"end":{"line":146,"column":18}},"72":{"start":{"line":146,"column":34},"end":{"line":146,"column":81}},"73":{"start":{"line":147,"column":4},"end":{"line":147,"column":13}},"74":{"start":{"line":151,"column":16},"end":{"line":151,"column":31}},"75":{"start":{"line":152,"column":16},"end":{"line":152,"column":47}},"76":{"start":{"line":152,"column":35},"end":{"line":152,"column":46}},"77":{"start":{"line":153,"column":4},"end":{"line":153,"column":32}},"78":{"start":{"line":153,"column":20},"end":{"line":153,"column":32}},"79":{"start":{"line":154,"column":16},"end":{"line":154,"column":26}},"80":{"start":{"line":155,"column":17},"end":{"line":155,"column":31}},"81":{"start":{"line":156,"column":22},"end":{"line":156,"column":57}},"82":{"start":{"line":157,"column":4},"end":{"line":157,"column":72}},"83":{"start":{"line":158,"column":4},"end":{"line":158,"column":53}},"84":{"start":{"line":159,"column":4},"end":{"line":159,"column":24}},"85":{"start":{"line":160,"column":4},"end":{"line":160,"column":31}},"86":{"start":{"line":164,"column":4},"end":{"line":164,"column":27}},"87":{"start":{"line":164,"column":15},"end":{"line":164,"column":27}},"88":{"start":{"line":165,"column":16},"end":{"line":165,"column":31}},"89":{"start":{"line":166,"column":16},"end":{"line":166,"column":26}},"90":{"start":{"line":167,"column":16},"end":{"line":167,"column":72}},"91":{"start":{"line":167,"column":35},"end":{"line":167,"column":71}},"92":{"start":{"line":168,"column":4},"end":{"line":168,"column":32}},"93":{"start":{"line":168,"column":20},"end":{"line":168,"column":32}},"94":{"start":{"line":169,"column":16},"end":{"line":169,"column":64}},"95":{"start":{"line":170,"column":4},"end":{"line":170,"column":39}},"96":{"start":{"line":170,"column":27},"end":{"line":170,"column":39}},"97":{"start":{"line":172,"column":22},"end":{"line":172,"column":60}},"98":{"start":{"line":173,"column":4},"end":{"line":180,"column":6}},"99":{"start":{"line":181,"column":4},"end":{"line":181,"column":24}},"100":{"start":{"line":182,"column":4},"end":{"line":182,"column":51}},"101":{"start":{"line":186,"column":16},"end":{"line":186,"column":31}},"102":{"start":{"line":187,"column":16},"end":{"line":187,"column":47}},"103":{"start":{"line":187,"column":35},"end":{"line":187,"column":46}},"104":{"start":{"line":188,"column":4},"end":{"line":188,"column":32}},"105":{"start":{"line":188,"column":20},"end":{"line":188,"column":32}},"106":{"start":{"line":189,"column":16},"end":{"line":189,"column":40}},"107":{"start":{"line":190,"column":4},"end":{"line":190,"column":30}},"108":{"start":{"line":191,"column":4},"end":{"line":191,"column":31}},"109":{"start":{"line":193,"column":4},"end":{"line":207,"column":5}},"110":{"start":{"line":194,"column":8},"end":{"line":194,"column":39}},"111":{"start":{"line":196,"column":26},"end":{"line":196,"column":37}},"112":{"start":{"line":197,"column":25},"end":{"line":197,"column":85}},"113":{"start":{"line":197,"column":46},"end":{"line":197,"column":84}},"114":{"start":{"line":199,"column":8},"end":{"line":206,"column":9}},"115":{"start":{"line":201,"column":28},"end":{"line":201,"column":36}},"116":{"start":{"line":202,"column":12},"end":{"line":202,"column":27}},"117":{"start":{"line":203,"column":12},"end":{"line":203,"column":50}},"118":{"start":{"line":203,"column":38},"end":{"line":203,"column":50}},"119":{"start":{"line":205,"column":12},"end":{"line":205,"column":70}},"120":{"start":{"line":205,"column":31},"end":{"line":205,"column":49}},"121":{"start":{"line":205,"column":52},"end":{"line":205,"column":70}},"122":{"start":{"line":209,"column":4},"end":{"line":219,"column":5}},"123":{"start":{"line":210,"column":8},"end":{"line":210,"column":41}},"124":{"start":{"line":211,"column":26},"end":{"line":211,"column":37}},"125":{"start":{"line":212,"column":25},"end":{"line":212,"column":87}},"126":{"start":{"line":212,"column":46},"end":{"line":212,"column":86}},"127":{"start":{"line":213,"column":8},"end":{"line":218,"column":9}},"128":{"start":{"line":214,"column":28},"end":{"line":214,"column":36}},"129":{"start":{"line":215,"column":12},"end":{"line":215,"column":27}},"130":{"start":{"line":216,"column":12},"end":{"line":216,"column":50}},"131":{"start":{"line":216,"column":38},"end":{"line":216,"column":50}},"132":{"start":{"line":217,"column":12},"end":{"line":217,"column":70}},"133":{"start":{"line":217,"column":31},"end":{"line":217,"column":49}},"134":{"start":{"line":217,"column":52},"end":{"line":217,"column":70}},"135":{"start":{"line":220,"column":4},"end":{"line":220,"column":84}},"136":{"start":{"line":220,"column":20},"end":{"line":220,"column":84}},"137":{"start":{"line":221,"column":4},"end":{"line":221,"column":92}},"138":{"start":{"line":221,"column":22},"end":{"line":221,"column":92}},"139":{"start":{"line":222,"column":4},"end":{"line":222,"column":29}},"140":{"start":{"line":223,"column":4},"end":{"line":223,"column":24}},"141":{"start":{"line":224,"column":4},"end":{"line":224,"column":20}},"142":{"start":{"line":228,"column":16},"end":{"line":228,"column":31}},"143":{"start":{"line":229,"column":17},"end":{"line":229,"column":45}},"144":{"start":{"line":229,"column":33},"end":{"line":229,"column":44}},"145":{"start":{"line":230,"column":20},"end":{"line":230,"column":46}},"146":{"start":{"line":231,"column":4},"end":{"line":237,"column":5}},"147":{"start":{"line":232,"column":8},"end":{"line":232,"column":29}},"148":{"start":{"line":234,"column":8},"end":{"line":236,"column":22}},"149":{"start":{"line":235,"column":12},"end":{"line":235,"column":36}},"150":{"start":{"line":238,"column":4},"end":{"line":238,"column":19}},"151":{"start":{"line":242,"column":4},"end":{"line":242,"column":32}},"152":{"start":{"line":242,"column":20},"end":{"line":242,"column":32}},"153":{"start":{"line":243,"column":16},"end":{"line":243,"column":31}},"154":{"start":{"line":244,"column":4},"end":{"line":244,"column":60}},"155":{"start":{"line":244,"column":25},"end":{"line":244,"column":50}},"156":{"start":{"line":248,"column":4},"end":{"line":248,"column":33}},"157":{"start":{"line":248,"column":21},"end":{"line":248,"column":33}},"158":{"start":{"line":249,"column":16},"end":{"line":249,"column":31}},"159":{"start":{"line":250,"column":4},"end":{"line":250,"column":62}},"160":{"start":{"line":250,"column":25},"end":{"line":250,"column":52}},"161":{"start":{"line":254,"column":4},"end":{"line":254,"column":31}},"162":{"start":{"line":254,"column":18},"end":{"line":254,"column":31}},"163":{"start":{"line":255,"column":15},"end":{"line":255,"column":42}},"164":{"start":{"line":256,"column":15},"end":{"line":256,"column":43}},"165":{"start":{"line":257,"column":15},"end":{"line":257,"column":44}},"166":{"start":{"line":258,"column":15},"end":{"line":258,"column":42}},"167":{"start":{"line":259,"column":15},"end":{"line":259,"column":43}},"168":{"start":{"line":260,"column":15},"end":{"line":260,"column":44}},"169":{"start":{"line":261,"column":4},"end":{"line":261,"column":47}},"170":{"start":{"line":266,"column":4},"end":{"line":313,"column":5}},"171":{"start":{"line":267,"column":20},"end":{"line":267,"column":35}},"172":{"start":{"line":268,"column":21},"end":{"line":268,"column":51}},"173":{"start":{"line":268,"column":35},"end":{"line":268,"column":50}},"174":{"start":{"line":269,"column":8},"end":{"line":269,"column":41}},"175":{"start":{"line":269,"column":19},"end":{"line":269,"column":41}},"176":{"start":{"line":270,"column":21},"end":{"line":270,"column":43}},"177":{"start":{"line":271,"column":16},"end":{"line":271,"column":53}},"178":{"start":{"line":272,"column":22},"end":{"line":272,"column":69}},"179":{"start":{"line":273,"column":26},"end":{"line":273,"column":67}},"180":{"start":{"line":276,"column":23},"end":{"line":287,"column":14}},"181":{"start":{"line":277,"column":25},"end":{"line":277,"column":40}},"182":{"start":{"line":280,"column":8},"end":{"line":280,"column":69}},"183":{"start":{"line":280,"column":57},"end":{"line":280,"column":69}},"184":{"start":{"line":281,"column":36},"end":{"line":281,"column":79}},"185":{"start":{"line":282,"column":32},"end":{"line":282,"column":89}},"186":{"start":{"line":284,"column":20},"end":{"line":284,"column":93}},"187":{"start":{"line":285,"column":39},"end":{"line":285,"column":85}},"188":{"start":{"line":286,"column":16},"end":{"line":286,"column":94}},"189":{"start":{"line":289,"column":8},"end":{"line":289,"column":54}},"190":{"start":{"line":289,"column":32},"end":{"line":289,"column":54}},"191":{"start":{"line":292,"column":23},"end":{"line":297,"column":40}},"192":{"start":{"line":293,"column":23},"end":{"line":296,"column":13}},"193":{"start":{"line":297,"column":28},"end":{"line":297,"column":39}},"194":{"start":{"line":299,"column":25},"end":{"line":301,"column":29}},"195":{"start":{"line":301,"column":22},"end":{"line":301,"column":28}},"196":{"start":{"line":302,"column":22},"end":{"line":302,"column":23}},"197":{"start":{"line":303,"column":8},"end":{"line":306,"column":9}},"198":{"start":{"line":304,"column":23},"end":{"line":304,"column":45}},"199":{"start":{"line":305,"column":12},"end":{"line":305,"column":30}},"200":{"start":{"line":305,"column":20},"end":{"line":305,"column":30}},"201":{"start":{"line":307,"column":8},"end":{"line":307,"column":27}},"202":{"start":{"line":309,"column":8},"end":{"line":311,"column":22}},"203":{"start":{"line":310,"column":12},"end":{"line":310,"column":69}},"204":{"start":{"line":312,"column":8},"end":{"line":312,"column":30}},"205":{"start":{"line":317,"column":21},"end":{"line":317,"column":30}},"206":{"start":{"line":320,"column":17},"end":{"line":320,"column":43}},"207":{"start":{"line":321,"column":18},"end":{"line":321,"column":37}},"208":{"start":{"line":322,"column":18},"end":{"line":322,"column":55}},"209":{"start":{"line":323,"column":4},"end":{"line":323,"column":21}},"210":{"start":{"line":324,"column":4},"end":{"line":324,"column":31}},"211":{"start":{"line":325,"column":4},"end":{"line":325,"column":17}},"212":{"start":{"line":329,"column":17},"end":{"line":329,"column":43}},"213":{"start":{"line":330,"column":4},"end":{"line":330,"column":29}},"214":{"start":{"line":331,"column":4},"end":{"line":331,"column":16}},"215":{"start":{"line":334,"column":0},"end":{"line":350,"column":2}}},"fnMap":{"0":{"name":"ensureStore","decl":{"start":{"line":16,"column":15},"end":{"line":16,"column":26}},"loc":{"start":{"line":16,"column":29},"end":{"line":23,"column":1}},"line":16},"1":{"name":"readAll","decl":{"start":{"line":25,"column":15},"end":{"line":25,"column":22}},"loc":{"start":{"line":25,"column":25},"end":{"line":35,"column":1}},"line":25},"2":{"name":"writeAll","decl":{"start":{"line":37,"column":15},"end":{"line":37,"column":23}},"loc":{"start":{"line":37,"column":33},"end":{"line":45,"column":1}},"line":37},"3":{"name":"(anonymous_3)","decl":{"start":{"line":39,"column":33},"end":{"line":39,"column":34}},"loc":{"start":{"line":39,"column":45},"end":{"line":43,"column":5}},"line":39},"4":{"name":"hashSecret","decl":{"start":{"line":47,"column":9},"end":{"line":47,"column":19}},"loc":{"start":{"line":47,"column":28},"end":{"line":49,"column":1}},"line":47},"5":{"name":"getAll","decl":{"start":{"line":51,"column":15},"end":{"line":51,"column":21}},"loc":{"start":{"line":51,"column":24},"end":{"line":54,"column":1}},"line":51},"6":{"name":"getById","decl":{"start":{"line":56,"column":15},"end":{"line":56,"column":22}},"loc":{"start":{"line":56,"column":27},"end":{"line":59,"column":1}},"line":56},"7":{"name":"(anonymous_7)","decl":{"start":{"line":58,"column":20},"end":{"line":58,"column":21}},"loc":{"start":{"line":58,"column":25},"end":{"line":58,"column":36}},"line":58},"8":{"name":"registerDevice","decl":{"start":{"line":61,"column":15},"end":{"line":61,"column":29}},"loc":{"start":{"line":61,"column":102},"end":{"line":125,"column":1}},"line":61},"9":{"name":"(anonymous_9)","decl":{"start":{"line":66,"column":38},"end":{"line":66,"column":39}},"loc":{"start":{"line":66,"column":43},"end":{"line":66,"column":86}},"line":66},"10":{"name":"(anonymous_10)","decl":{"start":{"line":84,"column":42},"end":{"line":84,"column":43}},"loc":{"start":{"line":84,"column":47},"end":{"line":84,"column":87}},"line":84},"11":{"name":"verifyDevice","decl":{"start":{"line":127,"column":15},"end":{"line":127,"column":27}},"loc":{"start":{"line":127,"column":40},"end":{"line":131,"column":1}},"line":127},"12":{"name":"patchDevice","decl":{"start":{"line":133,"column":15},"end":{"line":133,"column":26}},"loc":{"start":{"line":133,"column":38},"end":{"line":141,"column":1}},"line":133},"13":{"name":"(anonymous_13)","decl":{"start":{"line":135,"column":30},"end":{"line":135,"column":31}},"loc":{"start":{"line":135,"column":35},"end":{"line":135,"column":46}},"line":135},"14":{"name":"genPairCode","decl":{"start":{"line":143,"column":9},"end":{"line":143,"column":20}},"loc":{"start":{"line":143,"column":30},"end":{"line":148,"column":1}},"line":143},"15":{"name":"generatePairingCode","decl":{"start":{"line":150,"column":15},"end":{"line":150,"column":34}},"loc":{"start":{"line":150,"column":72},"end":{"line":161,"column":1}},"line":150},"16":{"name":"(anonymous_16)","decl":{"start":{"line":152,"column":30},"end":{"line":152,"column":31}},"loc":{"start":{"line":152,"column":35},"end":{"line":152,"column":46}},"line":152},"17":{"name":"claimByPairingCode","decl":{"start":{"line":163,"column":15},"end":{"line":163,"column":33}},"loc":{"start":{"line":163,"column":65},"end":{"line":183,"column":1}},"line":163},"18":{"name":"(anonymous_18)","decl":{"start":{"line":167,"column":30},"end":{"line":167,"column":31}},"loc":{"start":{"line":167,"column":35},"end":{"line":167,"column":71}},"line":167},"19":{"name":"updateHeartbeat","decl":{"start":{"line":185,"column":15},"end":{"line":185,"column":30}},"loc":{"start":{"line":185,"column":93},"end":{"line":225,"column":1}},"line":185},"20":{"name":"(anonymous_20)","decl":{"start":{"line":187,"column":30},"end":{"line":187,"column":31}},"loc":{"start":{"line":187,"column":35},"end":{"line":187,"column":46}},"line":187},"21":{"name":"(anonymous_21)","decl":{"start":{"line":197,"column":36},"end":{"line":197,"column":37}},"loc":{"start":{"line":197,"column":46},"end":{"line":197,"column":84}},"line":197},"22":{"name":"(anonymous_22)","decl":{"start":{"line":205,"column":26},"end":{"line":205,"column":27}},"loc":{"start":{"line":205,"column":31},"end":{"line":205,"column":49}},"line":205},"23":{"name":"(anonymous_23)","decl":{"start":{"line":212,"column":36},"end":{"line":212,"column":37}},"loc":{"start":{"line":212,"column":46},"end":{"line":212,"column":86}},"line":212},"24":{"name":"(anonymous_24)","decl":{"start":{"line":217,"column":26},"end":{"line":217,"column":27}},"loc":{"start":{"line":217,"column":31},"end":{"line":217,"column":49}},"line":217},"25":{"name":"deleteDevice","decl":{"start":{"line":227,"column":15},"end":{"line":227,"column":27}},"loc":{"start":{"line":227,"column":32},"end":{"line":239,"column":1}},"line":227},"26":{"name":"(anonymous_26)","decl":{"start":{"line":229,"column":28},"end":{"line":229,"column":29}},"loc":{"start":{"line":229,"column":33},"end":{"line":229,"column":44}},"line":229},"27":{"name":"findByInstallId","decl":{"start":{"line":241,"column":15},"end":{"line":241,"column":30}},"loc":{"start":{"line":241,"column":42},"end":{"line":245,"column":1}},"line":241},"28":{"name":"(anonymous_28)","decl":{"start":{"line":244,"column":20},"end":{"line":244,"column":21}},"loc":{"start":{"line":244,"column":25},"end":{"line":244,"column":50}},"line":244},"29":{"name":"findByHardwareId","decl":{"start":{"line":247,"column":15},"end":{"line":247,"column":31}},"loc":{"start":{"line":247,"column":44},"end":{"line":251,"column":1}},"line":247},"30":{"name":"(anonymous_30)","decl":{"start":{"line":250,"column":20},"end":{"line":250,"column":21}},"loc":{"start":{"line":250,"column":25},"end":{"line":250,"column":52}},"line":250},"31":{"name":"screensEqual","decl":{"start":{"line":253,"column":9},"end":{"line":253,"column":21}},"loc":{"start":{"line":253,"column":28},"end":{"line":262,"column":1}},"line":253},"32":{"name":"pruneLikelyDuplicates","decl":{"start":{"line":265,"column":15},"end":{"line":265,"column":36}},"loc":{"start":{"line":265,"column":100},"end":{"line":314,"column":1}},"line":265},"33":{"name":"(anonymous_33)","decl":{"start":{"line":268,"column":30},"end":{"line":268,"column":31}},"loc":{"start":{"line":268,"column":35},"end":{"line":268,"column":50}},"line":268},"34":{"name":"(anonymous_34)","decl":{"start":{"line":277,"column":20},"end":{"line":277,"column":21}},"loc":{"start":{"line":277,"column":25},"end":{"line":277,"column":40}},"line":277},"35":{"name":"(anonymous_35)","decl":{"start":{"line":278,"column":20},"end":{"line":278,"column":21}},"loc":{"start":{"line":278,"column":25},"end":{"line":287,"column":13}},"line":278},"36":{"name":"(anonymous_36)","decl":{"start":{"line":293,"column":17},"end":{"line":293,"column":18}},"loc":{"start":{"line":293,"column":23},"end":{"line":296,"column":13}},"line":293},"37":{"name":"(anonymous_37)","decl":{"start":{"line":297,"column":18},"end":{"line":297,"column":19}},"loc":{"start":{"line":297,"column":28},"end":{"line":297,"column":39}},"line":297},"38":{"name":"(anonymous_38)","decl":{"start":{"line":301,"column":17},"end":{"line":301,"column":18}},"loc":{"start":{"line":301,"column":22},"end":{"line":301,"column":28}},"line":301},"39":{"name":"queueCommand","decl":{"start":{"line":319,"column":9},"end":{"line":319,"column":21}},"loc":{"start":{"line":319,"column":31},"end":{"line":326,"column":1}},"line":319},"40":{"name":"popCommands","decl":{"start":{"line":328,"column":9},"end":{"line":328,"column":20}},"loc":{"start":{"line":328,"column":25},"end":{"line":332,"column":1}},"line":328}},"branchMap":{"0":{"loc":{"start":{"line":7,"column":18},"end":{"line":11,"column":48}},"type":"cond-expr","locations":[{"start":{"line":8,"column":6},"end":{"line":10,"column":68}},{"start":{"line":11,"column":6},"end":{"line":11,"column":48}}],"line":7},"1":{"loc":{"start":{"line":8,"column":6},"end":{"line":10,"column":68}},"type":"cond-expr","locations":[{"start":{"line":9,"column":10},"end":{"line":9,"column":40}},{"start":{"line":10,"column":10},"end":{"line":10,"column":68}}],"line":8},"2":{"loc":{"start":{"line":26,"column":4},"end":{"line":26,"column":28}},"type":"if","locations":[{"start":{"line":26,"column":4},"end":{"line":26,"column":28}},{"start":{},"end":{}}],"line":26},"3":{"loc":{"start":{"line":58,"column":11},"end":{"line":58,"column":45}},"type":"binary-expr","locations":[{"start":{"line":58,"column":11},"end":{"line":58,"column":37}},{"start":{"line":58,"column":41},"end":{"line":58,"column":45}}],"line":58},"4":{"loc":{"start":{"line":61,"column":30},"end":{"line":61,"column":100}},"type":"default-arg","locations":[{"start":{"line":61,"column":98},"end":{"line":61,"column":100}}],"line":61},"5":{"loc":{"start":{"line":61,"column":32},"end":{"line":61,"column":41}},"type":"default-arg","locations":[{"start":{"line":61,"column":39},"end":{"line":61,"column":41}}],"line":61},"6":{"loc":{"start":{"line":61,"column":43},"end":{"line":61,"column":56}},"type":"default-arg","locations":[{"start":{"line":61,"column":54},"end":{"line":61,"column":56}}],"line":61},"7":{"loc":{"start":{"line":61,"column":58},"end":{"line":61,"column":74}},"type":"default-arg","locations":[{"start":{"line":61,"column":70},"end":{"line":61,"column":74}}],"line":61},"8":{"loc":{"start":{"line":61,"column":76},"end":{"line":61,"column":93}},"type":"default-arg","locations":[{"start":{"line":61,"column":89},"end":{"line":61,"column":93}}],"line":61},"9":{"loc":{"start":{"line":65,"column":4},"end":{"line":81,"column":5}},"type":"if","locations":[{"start":{"line":65,"column":4},"end":{"line":81,"column":5}},{"start":{},"end":{}}],"line":65},"10":{"loc":{"start":{"line":66,"column":43},"end":{"line":66,"column":86}},"type":"binary-expr","locations":[{"start":{"line":66,"column":43},"end":{"line":66,"column":55}},{"start":{"line":66,"column":59},"end":{"line":66,"column":86}}],"line":66},"11":{"loc":{"start":{"line":67,"column":8},"end":{"line":80,"column":9}},"type":"if","locations":[{"start":{"line":67,"column":8},"end":{"line":80,"column":9}},{"start":{},"end":{}}],"line":67},"12":{"loc":{"start":{"line":71,"column":22},"end":{"line":71,"column":47}},"type":"binary-expr","locations":[{"start":{"line":71,"column":22},"end":{"line":71,"column":26}},{"start":{"line":71,"column":30},"end":{"line":71,"column":47}}],"line":71},"13":{"loc":{"start":{"line":72,"column":26},"end":{"line":72,"column":59}},"type":"binary-expr","locations":[{"start":{"line":72,"column":26},"end":{"line":72,"column":34}},{"start":{"line":72,"column":38},"end":{"line":72,"column":59}}],"line":72},"14":{"loc":{"start":{"line":75,"column":27},"end":{"line":75,"column":70}},"type":"binary-expr","locations":[{"start":{"line":75,"column":27},"end":{"line":75,"column":36}},{"start":{"line":75,"column":40},"end":{"line":75,"column":62}},{"start":{"line":75,"column":66},"end":{"line":75,"column":70}}],"line":75},"15":{"loc":{"start":{"line":83,"column":4},"end":{"line":100,"column":5}},"type":"if","locations":[{"start":{"line":83,"column":4},"end":{"line":100,"column":5}},{"start":{},"end":{}}],"line":83},"16":{"loc":{"start":{"line":84,"column":47},"end":{"line":84,"column":87}},"type":"binary-expr","locations":[{"start":{"line":84,"column":47},"end":{"line":84,"column":58}},{"start":{"line":84,"column":62},"end":{"line":84,"column":87}}],"line":84},"17":{"loc":{"start":{"line":85,"column":8},"end":{"line":99,"column":9}},"type":"if","locations":[{"start":{"line":85,"column":8},"end":{"line":99,"column":9}},{"start":{},"end":{}}],"line":85},"18":{"loc":{"start":{"line":90,"column":22},"end":{"line":90,"column":51}},"type":"binary-expr","locations":[{"start":{"line":90,"column":22},"end":{"line":90,"column":26}},{"start":{"line":90,"column":30},"end":{"line":90,"column":51}}],"line":90},"19":{"loc":{"start":{"line":91,"column":26},"end":{"line":91,"column":63}},"type":"binary-expr","locations":[{"start":{"line":91,"column":26},"end":{"line":91,"column":34}},{"start":{"line":91,"column":38},"end":{"line":91,"column":63}}],"line":91},"20":{"loc":{"start":{"line":95,"column":28},"end":{"line":95,"column":77}},"type":"binary-expr","locations":[{"start":{"line":95,"column":28},"end":{"line":95,"column":38}},{"start":{"line":95,"column":42},"end":{"line":95,"column":69}},{"start":{"line":95,"column":73},"end":{"line":95,"column":77}}],"line":95},"21":{"loc":{"start":{"line":106,"column":15},"end":{"line":106,"column":32}},"type":"binary-expr","locations":[{"start":{"line":106,"column":15},"end":{"line":106,"column":24}},{"start":{"line":106,"column":28},"end":{"line":106,"column":32}}],"line":106},"22":{"loc":{"start":{"line":107,"column":16},"end":{"line":107,"column":34}},"type":"binary-expr","locations":[{"start":{"line":107,"column":16},"end":{"line":107,"column":26}},{"start":{"line":107,"column":30},"end":{"line":107,"column":34}}],"line":107},"23":{"loc":{"start":{"line":129,"column":4},"end":{"line":129,"column":25}},"type":"if","locations":[{"start":{"line":129,"column":4},"end":{"line":129,"column":25}},{"start":{},"end":{}}],"line":129},"24":{"loc":{"start":{"line":136,"column":4},"end":{"line":136,"column":32}},"type":"if","locations":[{"start":{"line":136,"column":4},"end":{"line":136,"column":32}},{"start":{},"end":{}}],"line":136},"25":{"loc":{"start":{"line":143,"column":21},"end":{"line":143,"column":28}},"type":"default-arg","locations":[{"start":{"line":143,"column":27},"end":{"line":143,"column":28}}],"line":143},"26":{"loc":{"start":{"line":150,"column":39},"end":{"line":150,"column":70}},"type":"default-arg","locations":[{"start":{"line":150,"column":68},"end":{"line":150,"column":70}}],"line":150},"27":{"loc":{"start":{"line":150,"column":41},"end":{"line":150,"column":63}},"type":"default-arg","locations":[{"start":{"line":150,"column":49},"end":{"line":150,"column":63}}],"line":150},"28":{"loc":{"start":{"line":153,"column":4},"end":{"line":153,"column":32}},"type":"if","locations":[{"start":{"line":153,"column":4},"end":{"line":153,"column":32}},{"start":{},"end":{}}],"line":153},"29":{"loc":{"start":{"line":157,"column":29},"end":{"line":157,"column":51}},"type":"binary-expr","locations":[{"start":{"line":157,"column":29},"end":{"line":157,"column":45}},{"start":{"line":157,"column":49},"end":{"line":157,"column":51}}],"line":157},"30":{"loc":{"start":{"line":163,"column":34},"end":{"line":163,"column":63}},"type":"default-arg","locations":[{"start":{"line":163,"column":61},"end":{"line":163,"column":63}}],"line":163},"31":{"loc":{"start":{"line":164,"column":4},"end":{"line":164,"column":27}},"type":"if","locations":[{"start":{"line":164,"column":4},"end":{"line":164,"column":27}},{"start":{},"end":{}}],"line":164},"32":{"loc":{"start":{"line":167,"column":35},"end":{"line":167,"column":71}},"type":"binary-expr","locations":[{"start":{"line":167,"column":35},"end":{"line":167,"column":44}},{"start":{"line":167,"column":48},"end":{"line":167,"column":71}}],"line":167},"33":{"loc":{"start":{"line":168,"column":4},"end":{"line":168,"column":32}},"type":"if","locations":[{"start":{"line":168,"column":4},"end":{"line":168,"column":32}},{"start":{},"end":{}}],"line":168},"34":{"loc":{"start":{"line":169,"column":16},"end":{"line":169,"column":64}},"type":"binary-expr","locations":[{"start":{"line":169,"column":16},"end":{"line":169,"column":59}},{"start":{"line":169,"column":63},"end":{"line":169,"column":64}}],"line":169},"35":{"loc":{"start":{"line":169,"column":27},"end":{"line":169,"column":58}},"type":"binary-expr","locations":[{"start":{"line":169,"column":27},"end":{"line":169,"column":53}},{"start":{"line":169,"column":57},"end":{"line":169,"column":58}}],"line":169},"36":{"loc":{"start":{"line":170,"column":4},"end":{"line":170,"column":39}},"type":"if","locations":[{"start":{"line":170,"column":4},"end":{"line":170,"column":39}},{"start":{},"end":{}}],"line":170},"37":{"loc":{"start":{"line":170,"column":8},"end":{"line":170,"column":25}},"type":"binary-expr","locations":[{"start":{"line":170,"column":8},"end":{"line":170,"column":12}},{"start":{"line":170,"column":16},"end":{"line":170,"column":25}}],"line":170},"38":{"loc":{"start":{"line":176,"column":14},"end":{"line":176,"column":35}},"type":"binary-expr","locations":[{"start":{"line":176,"column":14},"end":{"line":176,"column":18}},{"start":{"line":176,"column":22},"end":{"line":176,"column":35}}],"line":176},"39":{"loc":{"start":{"line":177,"column":18},"end":{"line":177,"column":47}},"type":"binary-expr","locations":[{"start":{"line":177,"column":18},"end":{"line":177,"column":26}},{"start":{"line":177,"column":30},"end":{"line":177,"column":47}}],"line":177},"40":{"loc":{"start":{"line":185,"column":35},"end":{"line":185,"column":91}},"type":"default-arg","locations":[{"start":{"line":185,"column":89},"end":{"line":185,"column":91}}],"line":185},"41":{"loc":{"start":{"line":188,"column":4},"end":{"line":188,"column":32}},"type":"if","locations":[{"start":{"line":188,"column":4},"end":{"line":188,"column":32}},{"start":{},"end":{}}],"line":188},"42":{"loc":{"start":{"line":193,"column":4},"end":{"line":207,"column":5}},"type":"if","locations":[{"start":{"line":193,"column":4},"end":{"line":207,"column":5}},{"start":{},"end":{}}],"line":193},"43":{"loc":{"start":{"line":193,"column":8},"end":{"line":193,"column":53}},"type":"binary-expr","locations":[{"start":{"line":193,"column":8},"end":{"line":193,"column":17}},{"start":{"line":193,"column":21},"end":{"line":193,"column":53}}],"line":193},"44":{"loc":{"start":{"line":197,"column":46},"end":{"line":197,"column":84}},"type":"binary-expr","locations":[{"start":{"line":197,"column":46},"end":{"line":197,"column":55}},{"start":{"line":197,"column":59},"end":{"line":197,"column":84}}],"line":197},"45":{"loc":{"start":{"line":199,"column":8},"end":{"line":206,"column":9}},"type":"if","locations":[{"start":{"line":199,"column":8},"end":{"line":206,"column":9}},{"start":{},"end":{}}],"line":199},"46":{"loc":{"start":{"line":205,"column":12},"end":{"line":205,"column":70}},"type":"if","locations":[{"start":{"line":205,"column":12},"end":{"line":205,"column":70}},{"start":{},"end":{}}],"line":205},"47":{"loc":{"start":{"line":209,"column":4},"end":{"line":219,"column":5}},"type":"if","locations":[{"start":{"line":209,"column":4},"end":{"line":219,"column":5}},{"start":{},"end":{}}],"line":209},"48":{"loc":{"start":{"line":209,"column":8},"end":{"line":209,"column":56}},"type":"binary-expr","locations":[{"start":{"line":209,"column":8},"end":{"line":209,"column":18}},{"start":{"line":209,"column":22},"end":{"line":209,"column":56}}],"line":209},"49":{"loc":{"start":{"line":212,"column":46},"end":{"line":212,"column":86}},"type":"binary-expr","locations":[{"start":{"line":212,"column":46},"end":{"line":212,"column":55}},{"start":{"line":212,"column":59},"end":{"line":212,"column":86}}],"line":212},"50":{"loc":{"start":{"line":213,"column":8},"end":{"line":218,"column":9}},"type":"if","locations":[{"start":{"line":213,"column":8},"end":{"line":218,"column":9}},{"start":{},"end":{}}],"line":213},"51":{"loc":{"start":{"line":217,"column":12},"end":{"line":217,"column":70}},"type":"if","locations":[{"start":{"line":217,"column":12},"end":{"line":217,"column":70}},{"start":{},"end":{}}],"line":217},"52":{"loc":{"start":{"line":220,"column":4},"end":{"line":220,"column":84}},"type":"if","locations":[{"start":{"line":220,"column":4},"end":{"line":220,"column":84}},{"start":{},"end":{}}],"line":220},"53":{"loc":{"start":{"line":221,"column":4},"end":{"line":221,"column":92}},"type":"if","locations":[{"start":{"line":221,"column":4},"end":{"line":221,"column":92}},{"start":{},"end":{}}],"line":221},"54":{"loc":{"start":{"line":231,"column":4},"end":{"line":237,"column":5}},"type":"if","locations":[{"start":{"line":231,"column":4},"end":{"line":237,"column":5}},{"start":{},"end":{}}],"line":231},"55":{"loc":{"start":{"line":242,"column":4},"end":{"line":242,"column":32}},"type":"if","locations":[{"start":{"line":242,"column":4},"end":{"line":242,"column":32}},{"start":{},"end":{}}],"line":242},"56":{"loc":{"start":{"line":244,"column":11},"end":{"line":244,"column":59}},"type":"binary-expr","locations":[{"start":{"line":244,"column":11},"end":{"line":244,"column":51}},{"start":{"line":244,"column":55},"end":{"line":244,"column":59}}],"line":244},"57":{"loc":{"start":{"line":248,"column":4},"end":{"line":248,"column":33}},"type":"if","locations":[{"start":{"line":248,"column":4},"end":{"line":248,"column":33}},{"start":{},"end":{}}],"line":248},"58":{"loc":{"start":{"line":250,"column":11},"end":{"line":250,"column":61}},"type":"binary-expr","locations":[{"start":{"line":250,"column":11},"end":{"line":250,"column":53}},{"start":{"line":250,"column":57},"end":{"line":250,"column":61}}],"line":250},"59":{"loc":{"start":{"line":254,"column":4},"end":{"line":254,"column":31}},"type":"if","locations":[{"start":{"line":254,"column":4},"end":{"line":254,"column":31}},{"start":{},"end":{}}],"line":254},"60":{"loc":{"start":{"line":254,"column":8},"end":{"line":254,"column":16}},"type":"binary-expr","locations":[{"start":{"line":254,"column":8},"end":{"line":254,"column":10}},{"start":{"line":254,"column":14},"end":{"line":254,"column":16}}],"line":254},"61":{"loc":{"start":{"line":255,"column":22},"end":{"line":255,"column":41}},"type":"binary-expr","locations":[{"start":{"line":255,"column":22},"end":{"line":255,"column":25}},{"start":{"line":255,"column":29},"end":{"line":255,"column":36}},{"start":{"line":255,"column":40},"end":{"line":255,"column":41}}],"line":255},"62":{"loc":{"start":{"line":256,"column":22},"end":{"line":256,"column":42}},"type":"binary-expr","locations":[{"start":{"line":256,"column":22},"end":{"line":256,"column":25}},{"start":{"line":256,"column":29},"end":{"line":256,"column":37}},{"start":{"line":256,"column":41},"end":{"line":256,"column":42}}],"line":256},"63":{"loc":{"start":{"line":257,"column":22},"end":{"line":257,"column":43}},"type":"binary-expr","locations":[{"start":{"line":257,"column":22},"end":{"line":257,"column":27}},{"start":{"line":257,"column":31},"end":{"line":257,"column":38}},{"start":{"line":257,"column":42},"end":{"line":257,"column":43}}],"line":257},"64":{"loc":{"start":{"line":258,"column":22},"end":{"line":258,"column":41}},"type":"binary-expr","locations":[{"start":{"line":258,"column":22},"end":{"line":258,"column":25}},{"start":{"line":258,"column":29},"end":{"line":258,"column":36}},{"start":{"line":258,"column":40},"end":{"line":258,"column":41}}],"line":258},"65":{"loc":{"start":{"line":259,"column":22},"end":{"line":259,"column":42}},"type":"binary-expr","locations":[{"start":{"line":259,"column":22},"end":{"line":259,"column":25}},{"start":{"line":259,"column":29},"end":{"line":259,"column":37}},{"start":{"line":259,"column":41},"end":{"line":259,"column":42}}],"line":259},"66":{"loc":{"start":{"line":260,"column":22},"end":{"line":260,"column":43}},"type":"binary-expr","locations":[{"start":{"line":260,"column":22},"end":{"line":260,"column":27}},{"start":{"line":260,"column":31},"end":{"line":260,"column":38}},{"start":{"line":260,"column":42},"end":{"line":260,"column":43}}],"line":260},"67":{"loc":{"start":{"line":261,"column":11},"end":{"line":261,"column":46}},"type":"binary-expr","locations":[{"start":{"line":261,"column":11},"end":{"line":261,"column":20}},{"start":{"line":261,"column":24},"end":{"line":261,"column":33}},{"start":{"line":261,"column":37},"end":{"line":261,"column":46}}],"line":261},"68":{"loc":{"start":{"line":265,"column":37},"end":{"line":265,"column":98}},"type":"default-arg","locations":[{"start":{"line":265,"column":96},"end":{"line":265,"column":98}}],"line":265},"69":{"loc":{"start":{"line":265,"column":78},"end":{"line":265,"column":91}},"type":"default-arg","locations":[{"start":{"line":265,"column":90},"end":{"line":265,"column":91}}],"line":265},"70":{"loc":{"start":{"line":269,"column":8},"end":{"line":269,"column":41}},"type":"if","locations":[{"start":{"line":269,"column":8},"end":{"line":269,"column":41}},{"start":{},"end":{}}],"line":269},"71":{"loc":{"start":{"line":270,"column":21},"end":{"line":270,"column":43}},"type":"binary-expr","locations":[{"start":{"line":270,"column":21},"end":{"line":270,"column":35}},{"start":{"line":270,"column":39},"end":{"line":270,"column":43}}],"line":270},"72":{"loc":{"start":{"line":271,"column":16},"end":{"line":271,"column":53}},"type":"binary-expr","locations":[{"start":{"line":271,"column":16},"end":{"line":271,"column":31}},{"start":{"line":271,"column":35},"end":{"line":271,"column":45}},{"start":{"line":271,"column":49},"end":{"line":271,"column":53}}],"line":271},"73":{"loc":{"start":{"line":272,"column":22},"end":{"line":272,"column":69}},"type":"binary-expr","locations":[{"start":{"line":272,"column":22},"end":{"line":272,"column":31}},{"start":{"line":272,"column":35},"end":{"line":272,"column":61}},{"start":{"line":272,"column":65},"end":{"line":272,"column":69}}],"line":272},"74":{"loc":{"start":{"line":273,"column":26},"end":{"line":273,"column":67}},"type":"binary-expr","locations":[{"start":{"line":273,"column":26},"end":{"line":273,"column":32}},{"start":{"line":273,"column":36},"end":{"line":273,"column":59}},{"start":{"line":273,"column":63},"end":{"line":273,"column":67}}],"line":273},"75":{"loc":{"start":{"line":280,"column":8},"end":{"line":280,"column":69}},"type":"if","locations":[{"start":{"line":280,"column":8},"end":{"line":280,"column":69}},{"start":{},"end":{}}],"line":280},"76":{"loc":{"start":{"line":280,"column":12},"end":{"line":280,"column":55}},"type":"binary-expr","locations":[{"start":{"line":280,"column":12},"end":{"line":280,"column":15}},{"start":{"line":280,"column":19},"end":{"line":280,"column":31}},{"start":{"line":280,"column":35},"end":{"line":280,"column":55}}],"line":280},"77":{"loc":{"start":{"line":281,"column":36},"end":{"line":281,"column":79}},"type":"binary-expr","locations":[{"start":{"line":281,"column":36},"end":{"line":281,"column":40}},{"start":{"line":281,"column":44},"end":{"line":281,"column":55}},{"start":{"line":281,"column":59},"end":{"line":281,"column":79}}],"line":281},"78":{"loc":{"start":{"line":282,"column":32},"end":{"line":282,"column":89}},"type":"binary-expr","locations":[{"start":{"line":282,"column":32},"end":{"line":282,"column":37}},{"start":{"line":282,"column":41},"end":{"line":282,"column":53}},{"start":{"line":282,"column":57},"end":{"line":282,"column":89}}],"line":282},"79":{"loc":{"start":{"line":284,"column":20},"end":{"line":284,"column":93}},"type":"binary-expr","locations":[{"start":{"line":284,"column":20},"end":{"line":284,"column":29}},{"start":{"line":284,"column":33},"end":{"line":284,"column":45}},{"start":{"line":284,"column":49},"end":{"line":284,"column":93}}],"line":284},"80":{"loc":{"start":{"line":285,"column":39},"end":{"line":285,"column":85}},"type":"binary-expr","locations":[{"start":{"line":285,"column":39},"end":{"line":285,"column":43}},{"start":{"line":285,"column":48},"end":{"line":285,"column":60}},{"start":{"line":285,"column":64},"end":{"line":285,"column":84}}],"line":285},"81":{"loc":{"start":{"line":286,"column":23},"end":{"line":286,"column":93}},"type":"binary-expr","locations":[{"start":{"line":286,"column":23},"end":{"line":286,"column":34}},{"start":{"line":286,"column":39},"end":{"line":286,"column":46}},{"start":{"line":286,"column":50},"end":{"line":286,"column":57}},{"start":{"line":286,"column":62},"end":{"line":286,"column":73}},{"start":{"line":286,"column":77},"end":{"line":286,"column":91}}],"line":286},"82":{"loc":{"start":{"line":289,"column":8},"end":{"line":289,"column":54}},"type":"if","locations":[{"start":{"line":289,"column":8},"end":{"line":289,"column":54}},{"start":{},"end":{}}],"line":289},"83":{"loc":{"start":{"line":295,"column":20},"end":{"line":295,"column":84}},"type":"binary-expr","locations":[{"start":{"line":295,"column":20},"end":{"line":295,"column":79}},{"start":{"line":295,"column":83},"end":{"line":295,"column":84}}],"line":295},"84":{"loc":{"start":{"line":295,"column":31},"end":{"line":295,"column":78}},"type":"binary-expr","locations":[{"start":{"line":295,"column":31},"end":{"line":295,"column":42}},{"start":{"line":295,"column":46},"end":{"line":295,"column":58}},{"start":{"line":295,"column":62},"end":{"line":295,"column":73}},{"start":{"line":295,"column":77},"end":{"line":295,"column":78}}],"line":295},"85":{"loc":{"start":{"line":305,"column":12},"end":{"line":305,"column":30}},"type":"if","locations":[{"start":{"line":305,"column":12},"end":{"line":305,"column":30}},{"start":{},"end":{}}],"line":305},"86":{"loc":{"start":{"line":320,"column":17},"end":{"line":320,"column":43}},"type":"binary-expr","locations":[{"start":{"line":320,"column":17},"end":{"line":320,"column":37}},{"start":{"line":320,"column":41},"end":{"line":320,"column":43}}],"line":320},"87":{"loc":{"start":{"line":329,"column":17},"end":{"line":329,"column":43}},"type":"binary-expr","locations":[{"start":{"line":329,"column":17},"end":{"line":329,"column":37}},{"start":{"line":329,"column":41},"end":{"line":329,"column":43}}],"line":329}},"s":{"0":1,"1":1,"2":1,"3":1,"4":1,"5":1,"6":1,"7":1,"8":1,"9":1,"10":0,"11":0,"12":16,"13":15,"14":1,"15":1,"16":1,"17":1,"18":0,"19":1,"20":6,"21":6,"22":6,"23":6,"24":6,"25":6,"26":6,"27":0,"28":0,"29":6,"30":6,"31":24,"32":3,"33":3,"34":3,"35":3,"36":9,"37":3,"38":0,"39":0,"40":0,"41":0,"42":3,"43":3,"44":9,"45":3,"46":0,"47":0,"48":0,"49":0,"50":3,"51":3,"52":3,"53":3,"54":3,"55":3,"56":3,"57":3,"58":0,"59":3,"60":0,"61":0,"62":0,"63":0,"64":0,"65":0,"66":0,"67":0,"68":0,"69":0,"70":0,"71":0,"72":0,"73":0,"74":0,"75":0,"76":0,"77":0,"78":0,"79":0,"80":0,"81":0,"82":0,"83":0,"84":0,"85":0,"86":1,"87":0,"88":1,"89":1,"90":1,"91":4,"92":1,"93":1,"94":0,"95":0,"96":0,"97":0,"98":0,"99":0,"100":0,"101":3,"102":3,"103":12,"104":3,"105":0,"106":3,"107":3,"108":3,"109":3,"110":0,"111":0,"112":0,"113":0,"114":0,"115":0,"116":0,"117":0,"118":0,"119":0,"120":0,"121":0,"122":3,"123":0,"124":0,"125":0,"126":0,"127":0,"128":0,"129":0,"130":0,"131":0,"132":0,"133":0,"134":0,"135":3,"136":3,"137":3,"138":3,"139":3,"140":3,"141":3,"142":0,"143":0,"144":0,"145":0,"146":0,"147":0,"148":0,"149":0,"150":0,"151":0,"152":0,"153":0,"154":0,"155":0,"156":0,"157":0,"158":0,"159":0,"160":0,"161":9,"162":0,"163":9,"164":9,"165":9,"166":9,"167":9,"168":9,"169":9,"170":3,"171":3,"172":3,"173":12,"174":3,"175":0,"176":3,"177":3,"178":3,"179":3,"180":3,"181":12,"182":9,"183":0,"184":9,"185":9,"186":9,"187":9,"188":9,"189":3,"190":3,"191":0,"192":0,"193":0,"194":0,"195":0,"196":0,"197":0,"198":0,"199":0,"200":0,"201":0,"202":0,"203":0,"204":0,"205":1,"206":0,"207":0,"208":0,"209":0,"210":0,"211":0,"212":3,"213":3,"214":3,"215":1},"f":{"0":1,"1":16,"2":6,"3":6,"4":6,"5":0,"6":6,"7":24,"8":3,"9":9,"10":9,"11":3,"12":0,"13":0,"14":0,"15":0,"16":0,"17":1,"18":4,"19":3,"20":12,"21":0,"22":0,"23":0,"24":0,"25":0,"26":0,"27":0,"28":0,"29":0,"30":0,"31":9,"32":3,"33":12,"34":12,"35":9,"36":0,"37":0,"38":0,"39":0,"40":3},"b":{"0":[0,1],"1":[0,0],"2":[15,1],"3":[6,0],"4":[0],"5":[0],"6":[0],"7":[0],"8":[0],"9":[3,0],"10":[9,6],"11":[0,3],"12":[0,0],"13":[0,0],"14":[0,0,0],"15":[3,0],"16":[9,9],"17":[0,3],"18":[0,0],"19":[0,0],"20":[0,0,0],"21":[3,0],"22":[3,0],"23":[0,3],"24":[0,0],"25":[0],"26":[0],"27":[0],"28":[0,0],"29":[0,0],"30":[0],"31":[0,1],"32":[4,4],"33":[1,0],"34":[0,0],"35":[0,0],"36":[0,0],"37":[0,0],"38":[0,0],"39":[0,0],"40":[0],"41":[0,3],"42":[0,3],"43":[3,3],"44":[0,0],"45":[0,0],"46":[0,0],"47":[0,3],"48":[3,3],"49":[0,0],"50":[0,0],"51":[0,0],"52":[3,0],"53":[3,0],"54":[0,0],"55":[0,0],"56":[0,0],"57":[0,0],"58":[0,0],"59":[0,9],"60":[9,9],"61":[9,0,0],"62":[9,0,0],"63":[9,0,0],"64":[9,0,0],"65":[9,0,0],"66":[9,0,0],"67":[9,0,0],"68":[0],"69":[3],"70":[0,3],"71":[3,0],"72":[3,0,0],"73":[3,0,0],"74":[3,0,0],"75":[0,9],"76":[9,9,6],"77":[9,9,9],"78":[9,9,9],"79":[9,9,9],"80":[9,9,9],"81":[9,9,3,0,0],"82":[3,0],"83":[0,0],"84":[0,0,0,0],"85":[0,0],"86":[0,0],"87":[3,3]},"_coverageSchema":"1a1c01bbd47fc00a2c39e90264f33305004495a9","hash":"ff2dff74c67c8f241017f4aeee026adde20bc9b3"},"/var/www/posterrama/utils.js":{"path":"/var/www/posterrama/utils.js","statementMap":{"0":{"start":{"line":6,"column":4},"end":{"line":9,"column":5}},"1":{"start":{"line":6,"column":17},"end":{"line":6,"column":33}},"2":{"start":{"line":7,"column":18},"end":{"line":7,"column":53}},"3":{"start":{"line":8,"column":8},"end":{"line":8,"column":52}},"4":{"start":{"line":10,"column":4},"end":{"line":10,"column":17}},"5":{"start":{"line":13,"column":0},"end":{"line":15,"column":2}}},"fnMap":{"0":{"name":"shuffleArray","decl":{"start":{"line":5,"column":9},"end":{"line":5,"column":21}},"loc":{"start":{"line":5,"column":29},"end":{"line":11,"column":1}},"line":5}},"branchMap":{},"s":{"0":0,"1":0,"2":0,"3":0,"4":0,"5":1},"f":{"0":0},"b":{},"_coverageSchema":"1a1c01bbd47fc00a2c39e90264f33305004495a9","hash":"286c8e51f50aa1dda86bf9a394fba6ed22b616f7"},"/var/www/posterrama/sources/plex.js":{"path":"/var/www/posterrama/sources/plex.js","statementMap":{"0":{"start":{"line":5,"column":15},"end":{"line":5,"column":41}},"1":{"start":{"line":17,"column":8},"end":{"line":17,"column":35}},"2":{"start":{"line":18,"column":8},"end":{"line":18,"column":43}},"3":{"start":{"line":19,"column":8},"end":{"line":19,"column":47}},"4":{"start":{"line":20,"column":8},"end":{"line":20,"column":49}},"5":{"start":{"line":21,"column":8},"end":{"line":21,"column":41}},"6":{"start":{"line":22,"column":8},"end":{"line":22,"column":37}},"7":{"start":{"line":23,"column":8},"end":{"line":23,"column":31}},"8":{"start":{"line":24,"column":8},"end":{"line":24,"column":52}},"9":{"start":{"line":27,"column":8},"end":{"line":34,"column":10}},"10":{"start":{"line":43,"column":12},"end":{"line":45,"column":19}},"11":{"start":{"line":47,"column":8},"end":{"line":53,"column":10}},"12":{"start":{"line":58,"column":8},"end":{"line":60,"column":9}},"13":{"start":{"line":59,"column":12},"end":{"line":59,"column":22}},"14":{"start":{"line":62,"column":24},"end":{"line":62,"column":33}},"15":{"start":{"line":63,"column":8},"end":{"line":67,"column":11}},"16":{"start":{"line":64,"column":12},"end":{"line":66,"column":13}},"17":{"start":{"line":65,"column":16},"end":{"line":65,"column":55}},"18":{"start":{"line":69,"column":8},"end":{"line":69,"column":42}},"19":{"start":{"line":76,"column":8},"end":{"line":83,"column":10}},"20":{"start":{"line":94,"column":8},"end":{"line":96,"column":9}},"21":{"start":{"line":95,"column":12},"end":{"line":95,"column":22}},"22":{"start":{"line":98,"column":8},"end":{"line":105,"column":9}},"23":{"start":{"line":99,"column":12},"end":{"line":104,"column":15}},"24":{"start":{"line":107,"column":8},"end":{"line":178,"column":9}},"25":{"start":{"line":108,"column":33},"end":{"line":108,"column":73}},"26":{"start":{"line":109,"column":27},"end":{"line":109,"column":29}},"27":{"start":{"line":111,"column":12},"end":{"line":139,"column":13}},"28":{"start":{"line":112,"column":32},"end":{"line":112,"column":54}},"29":{"start":{"line":113,"column":16},"end":{"line":116,"column":17}},"30":{"start":{"line":114,"column":20},"end":{"line":114,"column":97}},"31":{"start":{"line":115,"column":20},"end":{"line":115,"column":29}},"32":{"start":{"line":118,"column":16},"end":{"line":138,"column":17}},"33":{"start":{"line":119,"column":36},"end":{"line":119,"column":97}},"34":{"start":{"line":120,"column":20},"end":{"line":127,"column":21}},"35":{"start":{"line":121,"column":24},"end":{"line":121,"column":84}},"36":{"start":{"line":122,"column":24},"end":{"line":126,"column":25}},"37":{"start":{"line":123,"column":28},"end":{"line":125,"column":30}},"38":{"start":{"line":129,"column":20},"end":{"line":136,"column":22}},"39":{"start":{"line":141,"column":12},"end":{"line":144,"column":18}},"40":{"start":{"line":142,"column":16},"end":{"line":144,"column":18}},"41":{"start":{"line":147,"column":34},"end":{"line":147,"column":70}},"42":{"start":{"line":148,"column":12},"end":{"line":151,"column":18}},"43":{"start":{"line":149,"column":16},"end":{"line":151,"column":18}},"44":{"start":{"line":153,"column":34},"end":{"line":153,"column":66}},"45":{"start":{"line":154,"column":34},"end":{"line":154,"column":91}},"46":{"start":{"line":156,"column":35},"end":{"line":158,"column":13}},"47":{"start":{"line":157,"column":42},"end":{"line":157,"column":92}},"48":{"start":{"line":160,"column":31},"end":{"line":166,"column":14}},"49":{"start":{"line":161,"column":16},"end":{"line":161,"column":40}},"50":{"start":{"line":161,"column":27},"end":{"line":161,"column":40}},"51":{"start":{"line":162,"column":16},"end":{"line":164,"column":17}},"52":{"start":{"line":163,"column":20},"end":{"line":163,"column":85}},"53":{"start":{"line":165,"column":16},"end":{"line":165,"column":28}},"54":{"start":{"line":168,"column":12},"end":{"line":171,"column":18}},"55":{"start":{"line":169,"column":16},"end":{"line":171,"column":18}},"56":{"start":{"line":172,"column":12},"end":{"line":172,"column":30}},"57":{"start":{"line":174,"column":12},"end":{"line":176,"column":14}},"58":{"start":{"line":177,"column":12},"end":{"line":177,"column":22}},"59":{"start":{"line":187,"column":28},"end":{"line":187,"column":38}},"60":{"start":{"line":190,"column":8},"end":{"line":229,"column":9}},"61":{"start":{"line":191,"column":39},"end":{"line":191,"column":44}},"62":{"start":{"line":193,"column":12},"end":{"line":197,"column":13}},"63":{"start":{"line":194,"column":16},"end":{"line":194,"column":75}},"64":{"start":{"line":195,"column":19},"end":{"line":197,"column":13}},"65":{"start":{"line":196,"column":16},"end":{"line":196,"column":78}},"66":{"start":{"line":199,"column":12},"end":{"line":228,"column":13}},"67":{"start":{"line":201,"column":39},"end":{"line":203,"column":48}},"68":{"start":{"line":205,"column":16},"end":{"line":223,"column":19}},"69":{"start":{"line":206,"column":20},"end":{"line":221,"column":21}},"70":{"start":{"line":208,"column":24},"end":{"line":212,"column":25}},"71":{"start":{"line":209,"column":28},"end":{"line":211,"column":30}},"72":{"start":{"line":213,"column":24},"end":{"line":213,"column":37}},"73":{"start":{"line":214,"column":27},"end":{"line":221,"column":21}},"74":{"start":{"line":215,"column":24},"end":{"line":219,"column":25}},"75":{"start":{"line":216,"column":28},"end":{"line":218,"column":30}},"76":{"start":{"line":220,"column":24},"end":{"line":220,"column":37}},"77":{"start":{"line":222,"column":20},"end":{"line":222,"column":32}},"78":{"start":{"line":224,"column":16},"end":{"line":227,"column":22}},"79":{"start":{"line":225,"column":20},"end":{"line":227,"column":22}},"80":{"start":{"line":232,"column":8},"end":{"line":244,"column":9}},"81":{"start":{"line":233,"column":30},"end":{"line":233,"column":97}},"82":{"start":{"line":233,"column":74},"end":{"line":233,"column":96}},"83":{"start":{"line":234,"column":12},"end":{"line":239,"column":15}},"84":{"start":{"line":235,"column":16},"end":{"line":235,"column":76}},"85":{"start":{"line":235,"column":63},"end":{"line":235,"column":76}},"86":{"start":{"line":236,"column":16},"end":{"line":238,"column":18}},"87":{"start":{"line":237,"column":20},"end":{"line":237,"column":96}},"88":{"start":{"line":237,"column":50},"end":{"line":237,"column":95}},"89":{"start":{"line":240,"column":12},"end":{"line":243,"column":18}},"90":{"start":{"line":241,"column":16},"end":{"line":243,"column":18}},"91":{"start":{"line":247,"column":8},"end":{"line":258,"column":9}},"92":{"start":{"line":248,"column":28},"end":{"line":248,"column":92}},"93":{"start":{"line":249,"column":12},"end":{"line":253,"column":15}},"94":{"start":{"line":250,"column":16},"end":{"line":250,"column":48}},"95":{"start":{"line":250,"column":35},"end":{"line":250,"column":48}},"96":{"start":{"line":251,"column":34},"end":{"line":251,"column":73}},"97":{"start":{"line":252,"column":16},"end":{"line":252,"column":54}},"98":{"start":{"line":254,"column":12},"end":{"line":257,"column":18}},"99":{"start":{"line":255,"column":16},"end":{"line":257,"column":18}},"100":{"start":{"line":261,"column":8},"end":{"line":284,"column":9}},"101":{"start":{"line":262,"column":12},"end":{"line":279,"column":15}},"102":{"start":{"line":263,"column":16},"end":{"line":263,"column":76}},"103":{"start":{"line":263,"column":63},"end":{"line":263,"column":76}},"104":{"start":{"line":264,"column":16},"end":{"line":278,"column":19}},"105":{"start":{"line":265,"column":39},"end":{"line":265,"column":60}},"106":{"start":{"line":266,"column":20},"end":{"line":277,"column":21}},"107":{"start":{"line":268,"column":28},"end":{"line":268,"column":70}},"108":{"start":{"line":270,"column":28},"end":{"line":270,"column":79}},"109":{"start":{"line":272,"column":28},"end":{"line":272,"column":57}},"110":{"start":{"line":274,"column":28},"end":{"line":274,"column":55}},"111":{"start":{"line":276,"column":28},"end":{"line":276,"column":40}},"112":{"start":{"line":280,"column":12},"end":{"line":283,"column":18}},"113":{"start":{"line":281,"column":16},"end":{"line":283,"column":18}},"114":{"start":{"line":286,"column":8},"end":{"line":286,"column":29}},"115":{"start":{"line":290,"column":0},"end":{"line":290,"column":28}}},"fnMap":{"0":{"name":"(anonymous_0)","decl":{"start":{"line":8,"column":4},"end":{"line":8,"column":5}},"loc":{"start":{"line":16,"column":6},"end":{"line":35,"column":5}},"line":16},"1":{"name":"(anonymous_1)","decl":{"start":{"line":41,"column":4},"end":{"line":41,"column":5}},"loc":{"start":{"line":41,"column":17},"end":{"line":54,"column":5}},"line":41},"2":{"name":"(anonymous_2)","decl":{"start":{"line":57,"column":4},"end":{"line":57,"column":5}},"loc":{"start":{"line":57,"column":26},"end":{"line":70,"column":5}},"line":57},"3":{"name":"(anonymous_3)","decl":{"start":{"line":63,"column":33},"end":{"line":63,"column":34}},"loc":{"start":{"line":63,"column":41},"end":{"line":67,"column":9}},"line":63},"4":{"name":"(anonymous_4)","decl":{"start":{"line":75,"column":4},"end":{"line":75,"column":5}},"loc":{"start":{"line":75,"column":19},"end":{"line":84,"column":5}},"line":75},"5":{"name":"(anonymous_5)","decl":{"start":{"line":93,"column":4},"end":{"line":93,"column":5}},"loc":{"start":{"line":93,"column":48},"end":{"line":179,"column":5}},"line":93},"6":{"name":"(anonymous_6)","decl":{"start":{"line":157,"column":34},"end":{"line":157,"column":35}},"loc":{"start":{"line":157,"column":42},"end":{"line":157,"column":92}},"line":157},"7":{"name":"(anonymous_7)","decl":{"start":{"line":160,"column":53},"end":{"line":160,"column":54}},"loc":{"start":{"line":160,"column":61},"end":{"line":166,"column":13}},"line":160},"8":{"name":"(anonymous_8)","decl":{"start":{"line":186,"column":4},"end":{"line":186,"column":5}},"loc":{"start":{"line":186,"column":33},"end":{"line":287,"column":5}},"line":186},"9":{"name":"(anonymous_9)","decl":{"start":{"line":205,"column":53},"end":{"line":205,"column":54}},"loc":{"start":{"line":205,"column":61},"end":{"line":223,"column":17}},"line":205},"10":{"name":"(anonymous_10)","decl":{"start":{"line":233,"column":69},"end":{"line":233,"column":70}},"loc":{"start":{"line":233,"column":74},"end":{"line":233,"column":96}},"line":233},"11":{"name":"(anonymous_11)","decl":{"start":{"line":234,"column":49},"end":{"line":234,"column":50}},"loc":{"start":{"line":234,"column":57},"end":{"line":239,"column":13}},"line":234},"12":{"name":"(anonymous_12)","decl":{"start":{"line":236,"column":39},"end":{"line":236,"column":40}},"loc":{"start":{"line":237,"column":20},"end":{"line":237,"column":96}},"line":237},"13":{"name":"(anonymous_13)","decl":{"start":{"line":237,"column":35},"end":{"line":237,"column":36}},"loc":{"start":{"line":237,"column":50},"end":{"line":237,"column":95}},"line":237},"14":{"name":"(anonymous_14)","decl":{"start":{"line":249,"column":49},"end":{"line":249,"column":50}},"loc":{"start":{"line":249,"column":57},"end":{"line":253,"column":13}},"line":249},"15":{"name":"(anonymous_15)","decl":{"start":{"line":262,"column":49},"end":{"line":262,"column":50}},"loc":{"start":{"line":262,"column":57},"end":{"line":279,"column":13}},"line":262},"16":{"name":"(anonymous_16)","decl":{"start":{"line":264,"column":39},"end":{"line":264,"column":40}},"loc":{"start":{"line":264,"column":48},"end":{"line":278,"column":17}},"line":264}},"branchMap":{"0":{"loc":{"start":{"line":43,"column":12},"end":{"line":45,"column":19}},"type":"cond-expr","locations":[{"start":{"line":44,"column":18},"end":{"line":44,"column":74}},{"start":{"line":45,"column":18},"end":{"line":45,"column":19}}],"line":43},"1":{"loc":{"start":{"line":48,"column":24},"end":{"line":48,"column":70}},"type":"cond-expr","locations":[{"start":{"line":48,"column":43},"end":{"line":48,"column":66}},{"start":{"line":48,"column":69},"end":{"line":48,"column":70}}],"line":48},"2":{"loc":{"start":{"line":58,"column":8},"end":{"line":60,"column":9}},"type":"if","locations":[{"start":{"line":58,"column":8},"end":{"line":60,"column":9}},{"start":{},"end":{}}],"line":58},"3":{"loc":{"start":{"line":64,"column":12},"end":{"line":66,"column":13}},"type":"if","locations":[{"start":{"line":64,"column":12},"end":{"line":66,"column":13}},{"start":{},"end":{}}],"line":64},"4":{"loc":{"start":{"line":64,"column":16},"end":{"line":64,"column":63}},"type":"binary-expr","locations":[{"start":{"line":64,"column":16},"end":{"line":64,"column":34}},{"start":{"line":64,"column":38},"end":{"line":64,"column":63}}],"line":64},"5":{"loc":{"start":{"line":94,"column":8},"end":{"line":96,"column":9}},"type":"if","locations":[{"start":{"line":94,"column":8},"end":{"line":96,"column":9}},{"start":{},"end":{}}],"line":94},"6":{"loc":{"start":{"line":94,"column":12},"end":{"line":94,"column":69}},"type":"binary-expr","locations":[{"start":{"line":94,"column":12},"end":{"line":94,"column":25}},{"start":{"line":94,"column":29},"end":{"line":94,"column":54}},{"start":{"line":94,"column":58},"end":{"line":94,"column":69}}],"line":94},"7":{"loc":{"start":{"line":98,"column":8},"end":{"line":105,"column":9}},"type":"if","locations":[{"start":{"line":98,"column":8},"end":{"line":105,"column":9}},{"start":{},"end":{}}],"line":98},"8":{"loc":{"start":{"line":113,"column":16},"end":{"line":116,"column":17}},"type":"if","locations":[{"start":{"line":113,"column":16},"end":{"line":116,"column":17}},{"start":{},"end":{}}],"line":113},"9":{"loc":{"start":{"line":120,"column":20},"end":{"line":127,"column":21}},"type":"if","locations":[{"start":{"line":120,"column":20},"end":{"line":127,"column":21}},{"start":{},"end":{}}],"line":120},"10":{"loc":{"start":{"line":122,"column":24},"end":{"line":126,"column":25}},"type":"if","locations":[{"start":{"line":122,"column":24},"end":{"line":126,"column":25}},{"start":{},"end":{}}],"line":122},"11":{"loc":{"start":{"line":141,"column":12},"end":{"line":144,"column":18}},"type":"if","locations":[{"start":{"line":141,"column":12},"end":{"line":144,"column":18}},{"start":{},"end":{}}],"line":141},"12":{"loc":{"start":{"line":148,"column":12},"end":{"line":151,"column":18}},"type":"if","locations":[{"start":{"line":148,"column":12},"end":{"line":151,"column":18}},{"start":{},"end":{}}],"line":148},"13":{"loc":{"start":{"line":154,"column":34},"end":{"line":154,"column":91}},"type":"cond-expr","locations":[{"start":{"line":154,"column":46},"end":{"line":154,"column":75}},{"start":{"line":154,"column":78},"end":{"line":154,"column":91}}],"line":154},"14":{"loc":{"start":{"line":161,"column":16},"end":{"line":161,"column":40}},"type":"if","locations":[{"start":{"line":161,"column":16},"end":{"line":161,"column":40}},{"start":{},"end":{}}],"line":161},"15":{"loc":{"start":{"line":162,"column":16},"end":{"line":164,"column":17}},"type":"if","locations":[{"start":{"line":162,"column":16},"end":{"line":164,"column":17}},{"start":{},"end":{}}],"line":162},"16":{"loc":{"start":{"line":162,"column":20},"end":{"line":162,"column":62}},"type":"binary-expr","locations":[{"start":{"line":162,"column":20},"end":{"line":162,"column":39}},{"start":{"line":162,"column":43},"end":{"line":162,"column":62}}],"line":162},"17":{"loc":{"start":{"line":168,"column":12},"end":{"line":171,"column":18}},"type":"if","locations":[{"start":{"line":168,"column":12},"end":{"line":171,"column":18}},{"start":{},"end":{}}],"line":168},"18":{"loc":{"start":{"line":190,"column":8},"end":{"line":229,"column":9}},"type":"if","locations":[{"start":{"line":190,"column":8},"end":{"line":229,"column":9}},{"start":{},"end":{}}],"line":190},"19":{"loc":{"start":{"line":193,"column":12},"end":{"line":197,"column":13}},"type":"if","locations":[{"start":{"line":193,"column":12},"end":{"line":197,"column":13}},{"start":{"line":195,"column":19},"end":{"line":197,"column":13}}],"line":193},"20":{"loc":{"start":{"line":195,"column":19},"end":{"line":197,"column":13}},"type":"if","locations":[{"start":{"line":195,"column":19},"end":{"line":197,"column":13}},{"start":{},"end":{}}],"line":195},"21":{"loc":{"start":{"line":199,"column":12},"end":{"line":228,"column":13}},"type":"if","locations":[{"start":{"line":199,"column":12},"end":{"line":228,"column":13}},{"start":{},"end":{}}],"line":199},"22":{"loc":{"start":{"line":201,"column":39},"end":{"line":203,"column":48}},"type":"cond-expr","locations":[{"start":{"line":202,"column":22},"end":{"line":202,"column":46}},{"start":{"line":203,"column":22},"end":{"line":203,"column":48}}],"line":201},"23":{"loc":{"start":{"line":206,"column":20},"end":{"line":221,"column":21}},"type":"if","locations":[{"start":{"line":206,"column":20},"end":{"line":221,"column":21}},{"start":{"line":214,"column":27},"end":{"line":221,"column":21}}],"line":206},"24":{"loc":{"start":{"line":208,"column":24},"end":{"line":212,"column":25}},"type":"if"
[...]
"start":{"line":404,"column":18},"end":{"line":404,"column":19}},"loc":{"start":{"line":404,"column":24},"end":{"line":407,"column":5}},"line":404}},"branchMap":{"0":{"loc":{"start":{"line":45,"column":32},"end":{"line":45,"column":57}},"type":"binary-expr","locations":[{"start":{"line":45,"column":32},"end":{"line":45,"column":51}},{"start":{"line":45,"column":55},"end":{"line":45,"column":57}}],"line":45},"1":{"loc":{"start":{"line":47,"column":8},"end":{"line":54,"column":9}},"type":"if","locations":[{"start":{"line":47,"column":8},"end":{"line":54,"column":9}},{"start":{},"end":{}}],"line":47},"2":{"loc":{"start":{"line":62,"column":31},"end":{"line":62,"column":56}},"type":"binary-expr","locations":[{"start":{"line":62,"column":31},"end":{"line":62,"column":50}},{"start":{"line":62,"column":54},"end":{"line":62,"column":56}}],"line":62},"3":{"loc":{"start":{"line":82,"column":21},"end":{"line":82,"column":50}},"type":"binary-expr","locations":[{"start":{"line":82,"column":21},"end":{"line":82,"column":45}},{"start":{"line":82,"column":49},"end":{"line":82,"column":50}}],"line":82},"4":{"loc":{"start":{"line":83,"column":21},"end":{"line":83,"column":50}},"type":"binary-expr","locations":[{"start":{"line":83,"column":21},"end":{"line":83,"column":45}},{"start":{"line":83,"column":49},"end":{"line":83,"column":50}}],"line":83},"5":{"loc":{"start":{"line":156,"column":8},"end":{"line":159,"column":9}},"type":"if","locations":[{"start":{"line":156,"column":8},"end":{"line":159,"column":9}},{"start":{},"end":{}}],"line":156},"6":{"loc":{"start":{"line":162,"column":32},"end":{"line":162,"column":57}},"type":"binary-expr","locations":[{"start":{"line":162,"column":32},"end":{"line":162,"column":51}},{"start":{"line":162,"column":55},"end":{"line":162,"column":57}}],"line":162},"7":{"loc":{"start":{"line":163,"column":17},"end":{"line":163,"column":47}},"type":"binary-expr","locations":[{"start":{"line":163,"column":17},"end":{"line":163,"column":26}},{"start":{"line":163,"column":30},"end":{"line":163,"column":47}}],"line":163},"8":{"loc":{"start":{"line":166,"column":8},"end":{"line":173,"column":9}},"type":"if","locations":[{"start":{"line":166,"column":8},"end":{"line":173,"column":9}},{"start":{},"end":{}}],"line":166},"9":{"loc":{"start":{"line":194,"column":20},"end":{"line":194,"column":72}},"type":"cond-expr","locations":[{"start":{"line":194,"column":32},"end":{"line":194,"column":39}},{"start":{"line":194,"column":42},"end":{"line":194,"column":72}}],"line":194},"10":{"loc":{"start":{"line":194,"column":42},"end":{"line":194,"column":72}},"type":"cond-expr","locations":[{"start":{"line":194,"column":56},"end":{"line":194,"column":65}},{"start":{"line":194,"column":68},"end":{"line":194,"column":72}}],"line":194},"11":{"loc":{"start":{"line":219,"column":32},"end":{"line":219,"column":57}},"type":"binary-expr","locations":[{"start":{"line":219,"column":32},"end":{"line":219,"column":51}},{"start":{"line":219,"column":55},"end":{"line":219,"column":57}}],"line":219},"12":{"loc":{"start":{"line":220,"column":17},"end":{"line":220,"column":47}},"type":"binary-expr","locations":[{"start":{"line":220,"column":17},"end":{"line":220,"column":26}},{"start":{"line":220,"column":30},"end":{"line":220,"column":47}}],"line":220},"13":{"loc":{"start":{"line":223,"column":8},"end":{"line":230,"column":9}},"type":"if","locations":[{"start":{"line":223,"column":8},"end":{"line":230,"column":9}},{"start":{},"end":{}}],"line":223},"14":{"loc":{"start":{"line":240,"column":25},"end":{"line":240,"column":66}},"type":"binary-expr","locations":[{"start":{"line":240,"column":25},"end":{"line":240,"column":55}},{"start":{"line":240,"column":59},"end":{"line":240,"column":66}}],"line":240},"15":{"loc":{"start":{"line":242,"column":12},"end":{"line":250,"column":13}},"type":"if","locations":[{"start":{"line":242,"column":12},"end":{"line":250,"column":13}},{"start":{},"end":{}}],"line":242},"16":{"loc":{"start":{"line":254,"column":33},"end":{"line":254,"column":62}},"type":"cond-expr","locations":[{"start":{"line":254,"column":50},"end":{"line":254,"column":55}},{"start":{"line":254,"column":58},"end":{"line":254,"column":62}}],"line":254},"17":{"loc":{"start":{"line":266,"column":40},"end":{"line":266,"column":79}},"type":"cond-expr","locations":[{"start":{"line":266,"column":63},"end":{"line":266,"column":67}},{"start":{"line":266,"column":70},"end":{"line":266,"column":79}}],"line":266},"18":{"loc":{"start":{"line":311,"column":20},"end":{"line":311,"column":72}},"type":"cond-expr","locations":[{"start":{"line":311,"column":32},"end":{"line":311,"column":39}},{"start":{"line":311,"column":42},"end":{"line":311,"column":72}}],"line":311},"19":{"loc":{"start":{"line":311,"column":42},"end":{"line":311,"column":72}},"type":"cond-expr","locations":[{"start":{"line":311,"column":56},"end":{"line":311,"column":65}},{"start":{"line":311,"column":68},"end":{"line":311,"column":72}}],"line":311},"20":{"loc":{"start":{"line":344,"column":8},"end":{"line":346,"column":9}},"type":"if","locations":[{"start":{"line":344,"column":8},"end":{"line":346,"column":9}},{"start":{},"end":{}}],"line":344},"21":{"loc":{"start":{"line":352,"column":30},"end":{"line":352,"column":82}},"type":"cond-expr","locations":[{"start":{"line":352,"column":42},"end":{"line":352,"column":49}},{"start":{"line":352,"column":52},"end":{"line":352,"column":82}}],"line":352},"22":{"loc":{"start":{"line":352,"column":52},"end":{"line":352,"column":82}},"type":"cond-expr","locations":[{"start":{"line":352,"column":66},"end":{"line":352,"column":75}},{"start":{"line":352,"column":78},"end":{"line":352,"column":82}}],"line":352},"23":{"loc":{"start":{"line":383,"column":4},"end":{"line":385,"column":5}},"type":"if","locations":[{"start":{"line":383,"column":4},"end":{"line":385,"column":5}},{"start":{},"end":{}}],"line":383},"24":{"loc":{"start":{"line":383,"column":8},"end":{"line":383,"column":65}},"type":"binary-expr","locations":[{"start":{"line":383,"column":8},"end":{"line":383,"column":24}},{"start":{"line":383,"column":28},"end":{"line":383,"column":65}}],"line":383}},"s":{"0":1,"1":1,"2":1,"3":1,"4":1,"5":1,"6":1,"7":0,"8":0,"9":0,"10":0,"11":0,"12":1,"13":0,"14":0,"15":0,"16":0,"17":0,"18":0,"19":0,"20":0,"21":0,"22":0,"23":0,"24":0,"25":0,"26":0,"27":0,"28":0,"29":0,"30":0,"31":0,"32":0,"33":0,"34":0,"35":0,"36":0,"37":0,"38":0,"39":0,"40":0,"41":0,"42":0,"43":0,"44":0,"45":0,"46":0,"47":0,"48":0,"49":0,"50":0,"51":0,"52":0,"53":0,"54":0,"55":0,"56":0,"57":0,"58":0,"59":0,"60":0,"61":0,"62":0,"63":0,"64":0,"65":0,"66":0,"67":0,"68":0,"69":0,"70":0,"71":0,"72":0,"73":0,"74":0,"75":0,"76":0,"77":0,"78":0,"79":0,"80":0,"81":0,"82":0,"83":0,"84":0,"85":0,"86":0,"87":0,"88":0,"89":0,"90":0,"91":0,"92":0,"93":0,"94":0,"95":0,"96":0,"97":0,"98":0,"99":0,"100":0,"101":0,"102":0,"103":0,"104":0,"105":0,"106":0,"107":0,"108":0,"109":0,"110":0,"111":0,"112":0,"113":0,"114":0,"115":0,"116":0,"117":0,"118":0,"119":0,"120":0,"121":1,"122":0,"123":0},"f":{"0":0,"1":0,"2":0,"3":0,"4":0,"5":0,"6":0,"7":0,"8":0,"9":0,"10":0,"11":0,"12":0,"13":0,"14":0,"15":0,"16":0,"17":0,"18":0,"19":0,"20":0,"21":0,"22":0},"b":{"0":[0,0],"1":[0,0],"2":[0,0],"3":[0,0],"4":[0,0],"5":[0,0],"6":[0,0],"7":[0,0],"8":[0,0],"9":[0,0],"10":[0,0],"11":[0,0],"12":[0,0],"13":[0,0],"14":[0,0],"15":[0,0],"16":[0,0],"17":[0,0],"18":[0,0],"19":[0,0],"20":[0,0],"21":[0,0],"22":[0,0],"23":[0,0],"24":[0,0]},"_coverageSchema":"1a1c01bbd47fc00a2c39e90264f33305004495a9","hash":"b6eaf225e7316c92522d75905d416ef7083f1732"},"/var/www/posterrama/middleware/errorHandler.js":{"path":"/var/www/posterrama/middleware/errorHandler.js","statementMap":{"0":{"start":{"line":1,"column":15},"end":{"line":1,"column":41}},"1":{"start":{"line":5,"column":8},"end":{"line":5,"column":23}},"2":{"start":{"line":6,"column":8},"end":{"line":6,"column":37}},"3":{"start":{"line":7,"column":8},"end":{"line":7,"column":31}},"4":{"start":{"line":8,"column":8},"end":{"line":8,"column":34}},"5":{"start":{"line":9,"column":8},"end":{"line":9,"column":50}},"6":{"start":{"line":10,"column":8},"end":{"line":10,"column":31}},"7":{"start":{"line":12,"column":8},"end":{"line":12,"column":56}},"8":{"start":{"line":18,"column":19},"end":{"line":18,"column":21}},"9":{"start":{"line":20,"column":4},"end":{"line":22,"column":5}},"10":{"start":{"line":20,"column":17},"end":{"line":20,"column":18}},"11":{"start":{"line":21,"column":8},"end":{"line":21,"column":24}},"12":{"start":{"line":24,"column":4},"end":{"line":26,"column":5}},"13":{"start":{"line":24,"column":17},"end":{"line":24,"column":18}},"14":{"start":{"line":25,"column":8},"end":{"line":25,"column":25}},"15":{"start":{"line":28,"column":4},"end":{"line":40,"column":5}},"16":{"start":{"line":28,"column":17},"end":{"line":28,"column":18}},"17":{"start":{"line":29,"column":8},"end":{"line":39,"column":9}},"18":{"start":{"line":29,"column":21},"end":{"line":29,"column":22}},"19":{"start":{"line":30,"column":12},"end":{"line":38,"column":13}},"20":{"start":{"line":31,"column":16},"end":{"line":31,"column":52}},"21":{"start":{"line":33,"column":16},"end":{"line":37,"column":18}},"22":{"start":{"line":42,"column":4},"end":{"line":42,"column":44}},"23":{"start":{"line":47,"column":27},"end":{"line":56,"column":5}},"24":{"start":{"line":59,"column":4},"end":{"line":61,"column":5}},"25":{"start":{"line":60,"column":8},"end":{"line":60,"column":49}},"26":{"start":{"line":62,"column":4},"end":{"line":64,"column":5}},"27":{"start":{"line":63,"column":8},"end":{"line":63,"column":47}},"28":{"start":{"line":66,"column":24},"end":{"line":74,"column":35}},"29":{"start":{"line":67,"column":26},"end":{"line":70,"column":9}},"30":{"start":{"line":71,"column":24},"end":{"line":71,"column":42}},"31":{"start":{"line":72,"column":24},"end":{"line":72,"column":47}},"32":{"start":{"line":74,"column":21},"end":{"line":74,"column":34}},"33":{"start":{"line":76,"column":4},"end":{"line":76,"column":23}},"34":{"start":{"line":81,"column":22},"end":{"line":81,"column":72}},"35":{"start":{"line":82,"column":25},"end":{"line":82,"column":62}},"36":{"start":{"line":83,"column":22},"end":{"line":83,"column":46}},"37":{"start":{"line":86,"column":4},"end":{"line":89,"column":5}},"38":{"start":{"line":87,"column":8},"end":{"line":87,"column":50}},"39":{"start":{"line":88,"column":8},"end":{"line":88,"column":29}},"40":{"start":{"line":92,"column":4},"end":{"line":99,"column":5}},"41":{"start":{"line":94,"column":8},"end":{"line":98,"column":9}},"42":{"start":{"line":95,"column":12},"end":{"line":95,"column":29}},"43":{"start":{"line":97,"column":12},"end":{"line":97,"column":51}},"44":{"start":{"line":102,"column":4},"end":{"line":105,"column":7}},"45":{"start":{"line":108,"column":21},"end":{"line":108,"column":56}},"46":{"start":{"line":111,"column":4},"end":{"line":117,"column":5}},"47":{"start":{"line":112,"column":8},"end":{"line":112,"column":25}},"48":{"start":{"line":113,"column":11},"end":{"line":117,"column":5}},"49":{"start":{"line":114,"column":8},"end":{"line":114,"column":25}},"50":{"start":{"line":115,"column":11},"end":{"line":117,"column":5}},"51":{"start":{"line":116,"column":8},"end":{"line":116,"column":25}},"52":{"start":{"line":121,"column":8},"end":{"line":121,"column":97}},"53":{"start":{"line":122,"column":26},"end":{"line":131,"column":5}},"54":{"start":{"line":134,"column":4},"end":{"line":136,"column":5}},"55":{"start":{"line":135,"column":8},"end":{"line":135,"column":40}},"56":{"start":{"line":139,"column":4},"end":{"line":139,"column":47}},"57":{"start":{"line":144,"column":22},"end":{"line":144,"column":72}},"58":{"start":{"line":145,"column":22},"end":{"line":145,"column":46}},"59":{"start":{"line":146,"column":19},"end":{"line":146,"column":29}},"60":{"start":{"line":147,"column":17},"end":{"line":147,"column":25}},"61":{"start":{"line":150,"column":4},"end":{"line":159,"column":7}},"62":{"start":{"line":162,"column":24},"end":{"line":162,"column":50}},"63":{"start":{"line":164,"column":26},"end":{"line":170,"column":5}},"64":{"start":{"line":173,"column":4},"end":{"line":175,"column":5}},"65":{"start":{"line":174,"column":8},"end":{"line":174,"column":48}},"66":{"start":{"line":177,"column":4},"end":{"line":177,"column":40}},"67":{"start":{"line":180,"column":0},"end":{"line":185,"column":2}}},"fnMap":{"0":{"name":"(anonymous_0)","decl":{"start":{"line":4,"column":4},"end":{"line":4,"column":5}},"loc":{"start":{"line":4,"column":53},"end":{"line":13,"column":5}},"line":4},"1":{"name":"levenshteinDistance","decl":{"start":{"line":17,"column":9},"end":{"line":17,"column":28}},"loc":{"start":{"line":17,"column":41},"end":{"line":43,"column":1}},"line":17},"2":{"name":"findSimilarEndpoints","decl":{"start":{"line":46,"column":9},"end":{"line":46,"column":29}},"loc":{"start":{"line":46,"column":45},"end":{"line":77,"column":1}},"line":46},"3":{"name":"(anonymous_3)","decl":{"start":{"line":67,"column":13},"end":{"line":67,"column":14}},"loc":{"start":{"line":67,"column":26},"end":{"line":70,"column":9}},"line":67},"4":{"name":"(anonymous_4)","decl":{"start":{"line":71,"column":16},"end":{"line":71,"column":17}},"loc":{"start":{"line":71,"column":24},"end":{"line":71,"column":42}},"line":71},"5":{"name":"(anonymous_5)","decl":{"start":{"line":72,"column":14},"end":{"line":72,"column":15}},"loc":{"start":{"line":72,"column":24},"end":{"line":72,"column":47}},"line":72},"6":{"name":"(anonymous_6)","decl":{"start":{"line":74,"column":13},"end":{"line":74,"column":14}},"loc":{"start":{"line":74,"column":21},"end":{"line":74,"column":34}},"line":74},"7":{"name":"error","decl":{"start":{"line":80,"column":9},"end":{"line":80,"column":14}},"loc":{"start":{"line":80,"column":37},"end":{"line":140,"column":1}},"line":80},"8":{"name":"notFoundHandler","decl":{"start":{"line":143,"column":9},"end":{"line":143,"column":24}},"loc":{"start":{"line":143,"column":42},"end":{"line":178,"column":1}},"line":143}},"branchMap":{"0":{"loc":{"start":{"line":4,"column":37},"end":{"line":4,"column":51}},"type":"default-arg","locations":[{"start":{"line":4,"column":47},"end":{"line":4,"column":51}}],"line":4},"1":{"loc":{"start":{"line":30,"column":12},"end":{"line":38,"column":13}},"type":"if","locations":[{"start":{"line":30,"column":12},"end":{"line":38,"column":13}},{"start":{"line":32,"column":19},"end":{"line":38,"column":13}}],"line":30},"2":{"loc":{"start":{"line":59,"column":4},"end":{"line":61,"column":5}},"type":"if","locations":[{"start":{"line":59,"column":4},"end":{"line":61,"column":5}},{"start":{},"end":{}}],"line":59},"3":{"loc":{"start":{"line":62,"column":4},"end":{"line":64,"column":5}},"type":"if","locations":[{"start":{"line":62,"column":4},"end":{"line":64,"column":5}},{"start":{},"end":{}}],"line":62},"4":{"loc":{"start":{"line":81,"column":22},"end":{"line":81,"column":72}},"type":"binary-expr","locations":[{"start":{"line":81,"column":22},"end":{"line":81,"column":35}},{"start":{"line":81,"column":39},"end":{"line":81,"column":59}},{"start":{"line":81,"column":63},"end":{"line":81,"column":72}}],"line":81},"5":{"loc":{"start":{"line":86,"column":4},"end":{"line":89,"column":5}},"type":"if","locations":[{"start":{"line":86,"column":4},"end":{"line":89,"column":5}},{"start":{},"end":{}}],"line":86},"6":{"loc":{"start":{"line":92,"column":4},"end":{"line":99,"column":5}},"type":"if","locations":[{"start":{"line":92,"column":4},"end":{"line":99,"column":5}},{"start":{},"end":{}}],"line":92},"7":{"loc":{"start":{"line":94,"column":8},"end":{"line":98,"column":9}},"type":"if","locations":[{"start":{"line":94,"column":8},"end":{"line":98,"column":9}},{"start":{"line":96,"column":15},"end":{"line":98,"column":9}}],"line":94},"8":{"loc":{"start":{"line":94,"column":12},"end":{"line":94,"column":50}},"type":"binary-expr","locations":[{"start":{"line":94,"column":12},"end":{"line":94,"column":26}},{"start":{"line":94,"column":30},"end":{"line":94,"column":50}}],"line":94},"9":{"loc":{"start":{"line":108,"column":21},"end":{"line":108,"column":56}},"type":"binary-expr","locations":[{"start":{"line":108,"column":21},"end":{"line":108,"column":35}},{"start":{"line":108,"column":39},"end":{"line":108,"column":49}},{"start":{"line":108,"column":53},"end":{"line":108,"column":56}}],"line":108},"10":{"loc":{"start":{"line":111,"column":4},"end":{"line":117,"column":5}},"type":"if","locations":[{"start":{"line":111,"column":4},"end":{"line":117,"column":5}},{"start":{"line":113,"column":11},"end":{"line":117,"column":5}}],"line":111},"11":{"loc":{"start":{"line":113,"column":11},"end":{"line":117,"column":5}},"type":"if","locations":[{"start":{"line":113,"column":11},"end":{"line":117,"column":5}},{"start":{"line":115,"column":11},"end":{"line":117,"column":5}}],"line":113},"12":{"loc":{"start":{"line":115,"column":11},"end":{"line":117,"column":5}},"type":"if","locations":[{"start":{"line":115,"column":11},"end":{"line":117,"column":5}},{"start":{},"end":{}}],"line":115},"13":{"loc":{"start":{"line":121,"column":8},"end":{"line":121,"column":97}},"type":"cond-expr","locations":[{"start":{"line":121,"column":59},"end":{"line":121,"column":83}},{"start":{"line":121,"column":86},"end":{"line":121,"column":97}}],"line":121},"14":{"loc":{"start":{"line":121,"column":8},"end":{"line":121,"column":56}},"type":"binary-expr","locations":[{"start":{"line":121,"column":8},"end":{"line":121,"column":12}},{"start":{"line":121,"column":16},"end":{"line":121,"column":56}}],"line":121},"15":{"loc":{"start":{"line":124,"column":12},"end":{"line":126,"column":29}},"type":"cond-expr","locations":[{"start":{"line":125,"column":18},"end":{"line":125,"column":41}},{"start":{"line":126,"column":18},"end":{"line":126,"column":29}}],"line":124},"16":{"loc":{"start":{"line":124,"column":12},"end":{"line":124,"column":90}},"type":"binary-expr","locations":[{"start":{"line":124,"column":12},"end":{"line":124,"column":24}},{"start":{"line":124,"column":28},"end":{"line":124,"column":46}},{"start":{"line":124,"column":50},"end":{"line":124,"column":90}}],"line":124},"17":{"loc":{"start":{"line":134,"column":4},"end":{"line":136,"column":5}},"type":"if","locations":[{"start":{"line":134,"column":4},"end":{"line":136,"column":5}},{"start":{},"end":{}}],"line":134},"18":{"loc":{"start":{"line":134,"column":8},"end":{"line":134,"column":55}},"type":"binary-expr","locations":[{"start":{"line":134,"column":8},"end":{"line":134,"column":21}},{"start":{"line":134,"column":25},"end":{"line":134,"column":34}},{"start":{"line":134,"column":38},"end":{"line":134,"column":55}}],"line":134},"19":{"loc":{"start":{"line":144,"column":22},"end":{"line":144,"column":72}},"type":"binary-expr","locations":[{"start":{"line":144,"column":22},"end":{"line":144,"column":35}},{"start":{"line":144,"column":39},"end":{"line":144,"column":59}},{"start":{"line":144,"column":63},"end":{"line":144,"column":72}}],"line":144},"20":{"loc":{"start":{"line":173,"column":4},"end":{"line":175,"column":5}},"type":"if","locations":[{"start":{"line":173,"column":4},"end":{"line":175,"column":5}},{"start":{},"end":{}}],"line":173}},"s":{"0":1,"1":0,"2":0,"3":0,"4":0,"5":0,"6":0,"7":0,"8":0,"9":0,"10":0,"11":0,"12":0,"13":0,"14":0,"15":0,"16":0,"17":0,"18":0,"19":0,"20":0,"21":0,"22":0,"23":0,"24":0,"25":0,"26":0,"27":0,"28":0,"29":0,"30":0,"31":0,"32":0,"33":0,"34":0,"35":0,"36":0,"37":0,"38":0,"39":0,"40":0,"41":0,"42":0,"43":0,"44":0,"45":0,"46":0,"47":0,"48":0,"49":0,"50":0,"51":0,"52":0,"53":0,"54":0,"55":0,"56":0,"57":0,"58":0,"59":0,"60":0,"61":0,"62":0,"63":0,"64":0,"65":0,"66":0,"67":1},"f":{"0":0,"1":0,"2":0,"3":0,"4":0,"5":0,"6":0,"7":0,"8":0},"b":{"0":[0],"1":[0,0],"2":[0,0],"3":[0,0],"4":[0,0,0],"5":[0,0],"6":[0,0],"7":[0,0],"8":[0,0],"9":[0,0,0],"10":[0,0],"11":[0,0],"12":[0,0],"13":[0,0],"14":[0,0],"15":[0,0],"16":[0,0,0],"17":[0,0],"18":[0,0,0],"19":[0,0,0],"20":[0,0]},"_coverageSchema":"1a1c01bbd47fc00a2c39e90264f33305004495a9","hash":"831f3ada28f3f93121c7567f0ab56d6826246db0"}}}
