{"numFailedTestSuites":0,"numFailedTests":0,"numPassedTestSuites":1,"numPassedTests":20,"numPendingTestSuites":0,"numPendingTests":0,"numRuntimeErrorTestSuites":0,"numTodoTests":0,"numTotalTestSuites":1,"numTotalTests":20,"openHandles":[],"snapshot":{"added":0,"didUpdate":false,"failure":false,"filesAdded":0,"filesRemoved":0,"filesRemovedList":[],"filesUnmatched":0,"filesUpdated":0,"matched":0,"total":0,"unchecked":0,"uncheckedKeysByFile":[],"unmatched":0,"updated":0},"startTime":1757606820875,"success":false,"testResults":[{"assertionResults":[{"ancestorTitles":["Metrics Middleware - Comprehensive Tests","metricsMiddleware"],"duration":4,"failureDetails":[],"failureMessages":[],"fullName":"Metrics Middleware - Comprehensive Tests metricsMiddleware should wrap response.end to collect metrics","invocations":1,"location":null,"numPassingAsserts":3,"retryReasons":[],"status":"passed","title":"should wrap response.end to collect metrics"},{"ancestorTitles":["Metrics Middleware - Comprehensive Tests","metricsMiddleware"],"duration":2,"failureDetails":[],"failureMessages":[],"fullName":"Metrics Middleware - Comprehensive Tests metricsMiddleware should record request metrics when response ends","invocations":1,"location":null,"numPassingAsserts":2,"retryReasons":[],"status":"passed","title":"should record request metrics when response ends"},{"ancestorTitles":["Metrics Middleware - Comprehensive Tests","metricsMiddleware"],"duration":1,"failureDetails":[],"failureMessages":[],"fullName":"Metrics Middleware - Comprehensive Tests metricsMiddleware should use req.path when req.route is undefined","invocations":1,"location":null,"numPassingAsserts":1,"retryReasons":[],"status":"passed","title":"should use req.path when req.route is undefined"},{"ancestorTitles":["Metrics Middleware - Comprehensive Tests","metricsMiddleware"],"duration":1,"failureDetails":[],"failureMessages":[],"fullName":"Metrics Middleware - Comprehensive Tests metricsMiddleware should detect cached responses","invocations":1,"location":null,"numPassingAsserts":2,"retryReasons":[],"status":"passed","title":"should detect cached responses"},{"ancestorTitles":["Metrics Middleware - Comprehensive Tests","metricsMiddleware"],"duration":2,"failureDetails":[],"failureMessages":[],"fullName":"Metrics Middleware - Comprehensive Tests metricsMiddleware should handle different HTTP methods","invocations":1,"location":null,"numPassingAsserts":1,"retryReasons":[],"status":"passed","title":"should handle different HTTP methods"},{"ancestorTitles":["Metrics Middleware - Comprehensive Tests","metricsMiddleware"],"duration":1,"failureDetails":[],"failureMessages":[],"fullName":"Metrics Middleware - Comprehensive Tests metricsMiddleware should handle different status codes","invocations":1,"location":null,"numPassingAsserts":1,"retryReasons":[],"status":"passed","title":"should handle different status codes"},{"ancestorTitles":["Metrics Middleware - Comprehensive Tests","metricsMiddleware"],"duration":2,"failureDetails":[],"failureMessages":[],"fullName":"Metrics Middleware - Comprehensive Tests metricsMiddleware should handle errors in metrics recording gracefully","invocations":1,"location":null,"numPassingAsserts":2,"retryReasons":[],"status":"passed","title":"should handle errors in metrics recording gracefully"},{"ancestorTitles":["Metrics Middleware - Comprehensive Tests","metricsMiddleware"],"duration":1,"failureDetails":[],"failureMessages":[],"fullName":"Metrics Middleware - Comprehensive Tests metricsMiddleware should pass chunk and encoding to original end function","invocations":1,"location":null,"numPassingAsserts":1,"retryReasons":[],"status":"passed","title":"should pass chunk and encoding to original end function"},{"ancestorTitles":["Metrics Middleware - Comprehensive Tests","metricsMiddleware"],"duration":2,"failureDetails":[],"failureMessages":[],"fullName":"Metrics Middleware - Comprehensive Tests metricsMiddleware should calculate correct response time","invocations":1,"location":null,"numPassingAsserts":1,"retryReasons":[],"status":"passed","title":"should calculate correct response time"},{"ancestorTitles":["Metrics Middleware - Comprehensive Tests","metricsMiddleware"],"duration":1,"failureDetails":[],"failureMessages":[],"fullName":"Metrics Middleware - Comprehensive Tests metricsMiddleware should preserve res.end context when called","invocations":1,"location":null,"numPassingAsserts":2,"retryReasons":[],"status":"passed","title":"should preserve res.end context when called"},{"ancestorTitles":["Metrics Middleware - Comprehensive Tests","metricsMiddleware"],"duration":3,"failureDetails":[],"failureMessages":[],"fullName":"Metrics Middleware - Comprehensive Tests metricsMiddleware should handle null/undefined cache header","invocations":1,"location":null,"numPassingAsserts":1,"retryReasons":[],"status":"passed","title":"should handle null/undefined cache header"},{"ancestorTitles":["Metrics Middleware - Comprehensive Tests","metricsMiddleware"],"duration":1,"failureDetails":[],"failureMessages":[],"fullName":"Metrics Middleware - Comprehensive Tests metricsMiddleware should handle MISS cache header","invocations":1,"location":null,"numPassingAsserts":1,"retryReasons":[],"status":"passed","title":"should handle MISS cache header"},{"ancestorTitles":["Metrics Middleware - Comprehensive Tests","connectionTracker"],"duration":1,"failureDetails":[],"failureMessages":[],"fullName":"Metrics Middleware - Comprehensive Tests connectionTracker should call next immediately","invocations":1,"location":null,"numPassingAsserts":2,"retryReasons":[],"status":"passed","title":"should call next immediately"},{"ancestorTitles":["Metrics Middleware - Comprehensive Tests","connectionTracker"],"duration":2,"failureDetails":[],"failureMessages":[],"fullName":"Metrics Middleware - Comprehensive Tests connectionTracker should not modify request or response objects","invocations":1,"location":null,"numPassingAsserts":2,"retryReasons":[],"status":"passed","title":"should not modify request or response objects"},{"ancestorTitles":["Metrics Middleware - Comprehensive Tests","connectionTracker"],"duration":1,"failureDetails":[],"failureMessages":[],"fullName":"Metrics Middleware - Comprehensive Tests connectionTracker should be a valid middleware function","invocations":1,"location":null,"numPassingAsserts":2,"retryReasons":[],"status":"passed","title":"should be a valid middleware function"},{"ancestorTitles":["Metrics Middleware - Comprehensive Tests","Module exports"],"duration":1,"failureDetails":[],"failureMessages":[],"fullName":"Metrics Middleware - Comprehensive Tests Module exports should export metricsMiddleware function","invocations":1,"location":null,"numPassingAsserts":2,"retryReasons":[],"status":"passed","title":"should export metricsMiddleware function"},{"ancestorTitles":["Metrics Middleware - Comprehensive Tests","Module exports"],"duration":1,"failureDetails":[],"failureMessages":[],"fullName":"Metrics Middleware - Comprehensive Tests Module exports should export connectionTracker function","invocations":1,"location":null,"numPassingAsserts":2,"retryReasons":[],"status":"passed","title":"should export connectionTracker function"},{"ancestorTitles":["Metrics Middleware - Comprehensive Tests","Module exports"],"duration":1,"failureDetails":[],"failureMessages":[],"fullName":"Metrics Middleware - Comprehensive Tests Module exports should not export unexpected properties","invocations":1,"location":null,"numPassingAsserts":1,"retryReasons":[],"status":"passed","title":"should not export unexpected properties"},{"ancestorTitles":["Metrics Middleware - Comprehensive Tests","Integration scenarios"],"duration":1,"failureDetails":[],"failureMessages":[],"fullName":"Metrics Middleware - Comprehensive Tests Integration scenarios should work with Express-like middleware chain","invocations":1,"location":null,"numPassingAsserts":1,"retryReasons":[],"status":"passed","title":"should work with Express-like middleware chain"},{"ancestorTitles":["Metrics Middleware - Comprehensive Tests","Integration scenarios"],"duration":1,"failureDetails":[],"failureMessages":[],"fullName":"Metrics Middleware - Comprehensive Tests Integration scenarios should handle multiple simultaneous requests","invocations":1,"location":null,"numPassingAsserts":2,"retryReasons":[],"status":"passed","title":"should handle multiple simultaneous requests"}],"endTime":1757606821570,"message":"","name":"/var/www/posterrama/__tests__/middleware/metrics.comprehensive.test.js","startTime":1757606820903,"status":"passed","summary":""}],"wasInterrupted":false,"coverageMap":{"/var/www/posterrama/middleware/metrics.js":{"path":"/var/www/posterrama/middleware/metrics.js","statementMap":{"0":{"start":{"line":1,"column":23},"end":{"line":1,"column":50}},"1":{"start":{"line":2,"column":15},"end":{"line":2,"column":41}},"2":{"start":{"line":5,"column":26},"end":{"line":32,"column":1}},"3":{"start":{"line":6,"column":22},"end":{"line":6,"column":32}},"4":{"start":{"line":9,"column":24},"end":{"line":9,"column":31}},"5":{"start":{"line":12,"column":4},"end":{"line":29,"column":6}},"6":{"start":{"line":13,"column":24},"end":{"line":13,"column":34}},"7":{"start":{"line":14,"column":29},"end":{"line":14,"column":48}},"8":{"start":{"line":15,"column":27},"end":{"line":15,"column":41}},"9":{"start":{"line":16,"column":23},"end":{"line":16,"column":33}},"10":{"start":{"line":17,"column":21},"end":{"line":17,"column":58}},"11":{"start":{"line":18,"column":23},"end":{"line":18,"column":51}},"12":{"start":{"line":21,"column":8},"end":{"line":25,"column":9}},"13":{"start":{"line":22,"column":12},"end":{"line":22,"column":89}},"14":{"start":{"line":24,"column":12},"end":{"line":24,"column":60}},"15":{"start":{"line":28,"column":8},"end":{"line":28,"column":48}},"16":{"start":{"line":31,"column":4},"end":{"line":31,"column":11}},"17":{"start":{"line":35,"column":26},"end":{"line":39,"column":1}},"18":{"start":{"line":38,"column":4},"end":{"line":38,"column":11}},"19":{"start":{"line":41,"column":0},"end":{"line":44,"column":2}}},"fnMap":{"0":{"name":"(anonymous_0)","decl":{"start":{"line":5,"column":26},"end":{"line":5,"column":27}},"loc":{"start":{"line":5,"column":46},"end":{"line":32,"column":1}},"line":5},"1":{"name":"(anonymous_1)","decl":{"start":{"line":12,"column":14},"end":{"line":12,"column":15}},"loc":{"start":{"line":12,"column":41},"end":{"line":29,"column":5}},"line":12},"2":{"name":"(anonymous_2)","decl":{"start":{"line":35,"column":26},"end":{"line":35,"column":27}},"loc":{"start":{"line":35,"column":46},"end":{"line":39,"column":1}},"line":35}},"branchMap":{"0":{"loc":{"start":{"line":17,"column":21},"end":{"line":17,"column":58}},"type":"cond-expr","locations":[{"start":{"line":17,"column":33},"end":{"line":17,"column":47}},{"start":{"line":17,"column":50},"end":{"line":17,"column":58}}],"line":17}},"s":{"0":1,"1":1,"2":1,"3":15,"4":15,"5":15,"6":13,"7":13,"8":13,"9":13,"10":13,"11":13,"12":13,"13":13,"14":1,"15":13,"16":15,"17":1,"18":3,"19":1},"f":{"0":15,"1":13,"2":3},"b":{"0":[12,1]},"_coverageSchema":"1a1c01bbd47fc00a2c39e90264f33305004495a9","hash":"f42a05e0f5b1e3be842df83a508ec4123a3bf4b3"},"/var/www/posterrama/utils/metrics.js":{"path":"/var/www/posterrama/utils/metrics.js","statementMap":{"0":{"start":{"line":1,"column":11},"end":{"line":1,"column":24}},"1":{"start":{"line":2,"column":16},"end":{"line":2,"column":34}},"2":{"start":{"line":7,"column":8},"end":{"line":7,"column":80}},"3":{"start":{"line":8,"column":8},"end":{"line":8,"column":40}},"4":{"start":{"line":9,"column":8},"end":{"line":15,"column":10}},"5":{"start":{"line":16,"column":8},"end":{"line":16,"column":39}},"6":{"start":{"line":17,"column":8},"end":{"line":17,"column":33}},"7":{"start":{"line":18,"column":8},"end":{"line":23,"column":10}},"8":{"start":{"line":26,"column":8},"end":{"line":26,"column":40}},"9":{"start":{"line":27,"column":8},"end":{"line":27,"column":36}},"10":{"start":{"line":28,"column":8},"end":{"line":28,"column":32}},"11":{"start":{"line":31,"column":8},"end":{"line":33,"column":9}},"12":{"start":{"line":32,"column":12},"end":{"line":32,"column":42}},"13":{"start":{"line":38,"column":8},"end":{"line":38,"column":41}},"14":{"start":{"line":38,"column":34},"end":{"line":38,"column":41}},"15":{"start":{"line":40,"column":25},"end":{"line":40,"column":44}},"16":{"start":{"line":41,"column":24},"end":{"line":41,"column":41}},"17":{"start":{"line":44,"column":8},"end":{"line":51,"column":9}},"18":{"start":{"line":45,"column":12},"end":{"line":50,"column":15}},"19":{"start":{"line":53,"column":29},"end":{"line":53,"column":62}},"20":{"start":{"line":54,"column":8},"end":{"line":54,"column":29}},"21":{"start":{"line":55,"column":8},"end":{"line":55,"column":47}},"22":{"start":{"line":56,"column":8},"end":{"line":56,"column":92}},"23":{"start":{"line":58,"column":8},"end":{"line":67,"column":9}},"24":{"start":{"line":59,"column":12},"end":{"line":59,"column":34}},"25":{"start":{"line":60,"column":12},"end":{"line":60,"column":45}},"26":{"start":{"line":61,"column":12},"end":{"line":66,"column":15}},"27":{"start":{"line":70,"column":8},"end":{"line":70,"column":43}},"28":{"start":{"line":71,"column":8},"end":{"line":77,"column":11}},"29":{"start":{"line":80,"column":8},"end":{"line":84,"column":9}},"30":{"start":{"line":81,"column":12},"end":{"line":81,"column":49}},"31":{"start":{"line":83,"column":12},"end":{"line":83,"column":51}},"32":{"start":{"line":87,"column":8},"end":{"line":87,"column":27}},"33":{"start":{"line":92,"column":8},"end":{"line":92,"column":41}},"34":{"start":{"line":92,"column":34},"end":{"line":92,"column":41}},"35":{"start":{"line":94,"column":8},"end":{"line":98,"column":9}},"36":{"start":{"line":95,"column":12},"end":{"line":95,"column":49}},"37":{"start":{"line":96,"column":15},"end":{"line":98,"column":9}},"38":{"start":{"line":97,"column":12},"end":{"line":97,"column":51}},"39":{"start":{"line":103,"column":30},"end":{"line":106,"column":34}},"40":{"start":{"line":104,"column":25},"end":{"line":104,"column":59}},"41":{"start":{"line":105,"column":22},"end":{"line":105,"column":36}},"42":{"start":{"line":106,"column":28},"end":{"line":106,"column":33}},"43":{"start":{"line":108,"column":8},"end":{"line":117,"column":9}},"44":{"start":{"line":109,"column":12},"end":{"line":116,"column":14}},"45":{"start":{"line":119,"column":24},"end":{"line":119,"column":87}},"46":{"start":{"line":119,"column":55},"end":{"line":119,"column":60}},"47":{"start":{"line":120,"column":23},"end":{"line":120,"column":74}},"48":{"start":{"line":121,"column":20},"end":{"line":121,"column":74}},"49":{"start":{"line":122,"column":20},"end":{"line":122,"column":74}},"50":{"start":{"line":124,"column":8},"end":{"line":131,"column":10}},"51":{"start":{"line":136,"column":26},"end":{"line":136,"column":28}},"52":{"start":{"line":138,"column":8},"end":{"line":149,"column":9}},"53":{"start":{"line":139,"column":40},"end":{"line":139,"column":88}},"54":{"start":{"line":140,"column":30},"end":{"line":140,"column":83}},"55":{"start":{"line":142,"column":12},"end":{"line":148,"column":15}},"56":{"start":{"line":151,"column":8},"end":{"line":151,"column":29}},"57":{"start":{"line":156,"column":29},"end":{"line":158,"column":9}},"58":{"start":{"line":157,"column":17},"end":{"line":157,"column":51}},"59":{"start":{"line":160,"column":31},"end":{"line":160,"column":33}},"60":{"start":{"line":161,"column":8},"end":{"line":163,"column":11}},"61":{"start":{"line":162,"column":12},"end":{"line":162,"column":91}},"62":{"start":{"line":165,"column":30},"end":{"line":167,"column":16}},"63":{"start":{"line":166,"column":17},"end":{"line":166,"column":51}},"64":{"start":{"line":169,"column":26},"end":{"line":169,"column":93}},"65":{"start":{"line":171,"column":8},"end":{"line":175,"column":10}},"66":{"start":{"line":180,"column":33},"end":{"line":180,"column":62}},"67":{"start":{"line":181,"column":22},"end":{"line":181,"column":35}},"68":{"start":{"line":183,"column":8},"end":{"line":188,"column":10}},"69":{"start":{"line":193,"column":25},"end":{"line":193,"column":46}},"70":{"start":{"line":194,"column":23},"end":{"line":194,"column":50}},"71":{"start":{"line":197,"column":25},"end":{"line":197,"column":43}},"72":{"start":{"line":199,"column":8},"end":{"line":215,"column":10}},"73":{"start":{"line":220,"column":20},"end":{"line":220,"column":30}},"74":{"start":{"line":221,"column":29},"end":{"line":221,"column":40}},"75":{"start":{"line":223,"column":31},"end":{"line":225,"column":9}},"76":{"start":{"line":224,"column":17},"end":{"line":224,"column":43}},"77":{"start":{"line":227,"column":8},"end":{"line":231,"column":10}},"78":{"start":{"line":236,"column":20},"end":{"line":236,"column":30}},"79":{"start":{"line":240,"column":8},"end":{"line":260,"column":9}},"80":{"start":{"line":242,"column":16},"end":{"line":242,"column":43}},"81":{"start":{"line":243,"column":16},"end":{"line":243,"column":39}},"82":{"start":{"line":244,"column":16},"end":{"line":244,"column":22}},"83":{"start":{"line":246,"column":16},"end":{"line":246,"column":43}},"84":{"start":{"line":247,"column":16},"end":{"line":247,"column":43}},"85":{"start":{"line":248,"column":16},"end":{"line":248,"column":22}},"86":{"start":{"line":250,"column":16},"end":{"line":250,"column":47}},"87":{"start":{"line":251,"column":16},"end":{"line":251,"column":44}},"88":{"start":{"line":252,"column":16},"end":{"line":252,"column":22}},"89":{"start":{"line":254,"column":16},"end":{"line":254,"column":48}},"90":{"start":{"line":255,"column":16},"end":{"line":255,"column":44}},"91":{"start":{"line":256,"column":16},"end":{"line":256,"column":22}},"92":{"start":{"line":258,"column":16},"end":{"line":258,"column":43}},"93":{"start":{"line":259,"column":16},"end":{"line":259,"column":43}},"94":{"start":{"line":262,"column":26},"end":{"line":262,"column":41}},"95":{"start":{"line":263,"column":27},"end":{"line":263,"column":29}},"96":{"start":{"line":265,"column":8},"end":{"line":284,"column":9}},"97":{"start":{"line":265,"column":24},"end":{"line":265,"column":33}},"98":{"start":{"line":266,"column":28},"end":{"line":266,"column":45}},"99":{"start":{"line":267,"column":31},"end":{"line":269,"column":13}},"100":{"start":{"line":268,"column":21},"end":{"line":268,"column":65}},"101":{"start":{"line":271,"column":27},"end":{"line":271,"column":77}},"102":{"start":{"line":271,"column":50},"end":{"line":271,"column":69}},"103":{"start":{"line":273,"column":16},"end":{"line":275,"column":23}},"104":{"start":{"line":274,"column":52},"end":{"line":274,"column":72}},"105":{"start":{"line":277,"column":12},"end":{"line":283,"column":15}},"106":{"start":{"line":286,"column":8},"end":{"line":289,"column":10}},"107":{"start":{"line":294,"column":35},"end":{"line":294,"column":63}},"108":{"start":{"line":295,"column":29},"end":{"line":295,"column":51}},"109":{"start":{"line":296,"column":30},"end":{"line":296,"column":53}},"110":{"start":{"line":298,"column":8},"end":{"line":305,"column":10}},"111":{"start":{"line":310,"column":24},"end":{"line":317,"column":9}},"112":{"start":{"line":319,"column":8},"end":{"line":321,"column":9}},"113":{"start":{"line":320,"column":12},"end":{"line":320,"column":52}},"114":{"start":{"line":323,"column":8},"end":{"line":327,"column":10}},"115":{"start":{"line":332,"column":25},"end":{"line":332,"column":27}},"116":{"start":{"line":335,"column":8},"end":{"line":335,"column":96}},"117":{"start":{"line":336,"column":8},"end":{"line":336,"column":73}},"118":{"start":{"line":337,"column":8},"end":{"line":337,"column":111}},"119":{"start":{"line":338,"column":8},"end":{"line":338,"column":98}},"120":{"start":{"line":341,"column":8},"end":{"line":341,"column":83}},"121":{"start":{"line":342,"column":8},"end":{"line":342,"column":61}},"122":{"start":{"line":343,"column":8},"end":{"line":343,"column":82}},"123":{"start":{"line":346,"column":8},"end":{"line":346,"column":95}},"124":{"start":{"line":347,"column":8},"end":{"line":347,"column":67}},"125":{"start":{"line":348,"column":8},"end":{"line":348,"column":86}},"126":{"start":{"line":351,"column":8},"end":{"line":351,"column":93}},"127":{"start":{"line":352,"column":8},"end":{"line":352,"column":69}},"128":{"start":{"line":353,"column":8},"end":{"line":353,"column":100}},"129":{"start":{"line":356,"column":8},"end":{"line":356,"column":80}},"130":{"start":{"line":357,"column":8},"end":{"line":357,"column":65}},"131":{"start":{"line":358,"column":8},"end":{"line":358,"column":80}},"132":{"start":{"line":361,"column":8},"end":{"line":361,"column":67}},"133":{"start":{"line":362,"column":8},"end":{"line":362,"column":58}},"134":{"start":{"line":363,"column":8},"end":{"line":363,"column":70}},"135":{"start":{"line":365,"column":8},"end":{"line":365,"column":71}},"136":{"start":{"line":366,"column":8},"end":{"line":366,"column":60}},"137":{"start":{"line":367,"column":8},"end":{"line":367,"column":74}},"138":{"start":{"line":369,"column":8},"end":{"line":369,"column":26}},"139":{"start":{"line":374,"column":8},"end":{"line":374,"column":55}},"140":{"start":{"line":377,"column":8},"end":{"line":379,"column":9}},"141":{"start":{"line":378,"column":12},"end":{"line":378,"column":42}},"142":{"start":{"line":386,"column":20},"end":{"line":386,"column":21}},"143":{"start":{"line":387,"column":8},"end":{"line":392,"column":9}},"144":{"start":{"line":388,"column":28},"end":{"line":388,"column":74}},"145":{"start":{"line":389,"column":12},"end":{"line":389,"column":81}},"146":{"start":{"line":389,"column":58},"end":{"line":389,"column":81}},"147":{"start":{"line":391,"column":12},"end":{"line":391,"column":22}},"148":{"start":{"line":393,"column":8},"end":{"line":393,"column":34}},"149":{"start":{"line":393,"column":24},"end":{"line":393,"column":34}},"150":{"start":{"line":396,"column":28},"end":{"line":396,"column":29}},"151":{"start":{"line":397,"column":8},"end":{"line":402,"column":9}},"152":{"start":{"line":398,"column":23},"end":{"line":398,"column":76}},"153":{"start":{"line":399,"column":12},"end":{"line":399,"column":83}},"154":{"start":{"line":399,"column":48},"end":{"line":399,"column":83}},"155":{"start":{"line":401,"column":12},"end":{"line":401,"column":30}},"156":{"start":{"line":405,"column":29},"end":{"line":405,"column":55}},"157":{"start":{"line":408,"column":8},"end":{"line":418,"column":9}},"158":{"start":{"line":409,"column":12},"end":{"line":409,"column":52}},"159":{"start":{"line":410,"column":12},"end":{"line":410,"column":48}},"160":{"start":{"line":411,"column":12},"end":{"line":411,"column":54}},"161":{"start":{"line":412,"column":12},"end":{"line":417,"column":14}},"162":{"start":{"line":421,"column":26},"end":{"line":421,"column":50}},"163":{"start":{"line":422,"column":26},"end":{"line":422,"column":60}},"164":{"start":{"line":423,"column":27},"end":{"line":423,"column":63}},"165":{"start":{"line":424,"column":28},"end":{"line":424,"column":29}},"166":{"start":{"line":425,"column":8},"end":{"line":427,"column":9}},"167":{"start":{"line":426,"column":12},"end":{"line":426,"column":63}},"168":{"start":{"line":430,"column":24},"end":{"line":430,"column":56}},"169":{"start":{"line":431,"column":30},"end":{"line":431,"column":65}},"170":{"start":{"line":432,"column":26},"end":{"line":432,"column":64}},"171":{"start":{"line":433,"column":27},"end":{"line":433,"column":74}},"172":{"start":{"line":434,"column":29},"end":{"line":434,"column":30}},"173":{"start":{"line":435,"column":8},"end":{"line":437,"column":9}},"174":{"start":{"line":436,"column":12},"end":{"line":436,"column":74}},"175":{"start":{"line":440,"column":8},"end":{"line":440,"column":48}},"176":{"start":{"line":441,"column":8},"end":{"line":441,"column":44}},"177":{"start":{"line":442,"column":8},"end":{"line":442,"column":50}},"178":{"start":{"line":445,"column":8},"end":{"line":445,"column":66}},"179":{"start":{"line":446,"column":8},"end":{"line":446,"column":68}},"180":{"start":{"line":448,"column":8},"end":{"line":448,"column":71}},"181":{"start":{"line":452,"column":8},"end":{"line":473,"column":9}},"182":{"start":{"line":453,"column":28},"end":{"line":453,"column":74}},"183":{"start":{"line":454,"column":12},"end":{"line":456,"column":13}},"184":{"start":{"line":455,"column":16},"end":{"line":455,"column":45}},"185":{"start":{"line":457,"column":23},"end":{"line":457,"column":24}},"186":{"start":{"line":458,"column":24},"end":{"line":458,"column":25}},"187":{"start":{"line":459,"column":12},"end":{"line":468,"column":13}},"188":{"start":{"line":460,"column":26},"end":{"line":460,"column":41}},"189":{"start":{"line":461,"column":26},"end":{"line":461,"column":45}},"190":{"start":{"line":462,"column":26},"end":{"line":462,"column":56}},"191":{"start":{"line":463,"column":26},"end":{"line":463,"column":45}},"192":{"start":{"line":464,"column":26},"end":{"line":464,"column":45}},"193":{"start":{"line":465,"column":28},"end":{"line":465,"column":46}},"194":{"start":{"line":466,"column":16},"end":{"line":466,"column":26}},"195":{"start":{"line":467,"column":16},"end":{"line":467,"column":45}},"196":{"start":{"line":469,"column":12},"end":{"line":469,"column":35}},"197":{"start":{"line":472,"column":12},"end":{"line":472,"column":41}},"198":{"start":{"line":479,"column":8},"end":{"line":479,"column":50}},"199":{"start":{"line":483,"column":23},"end":{"line":483,"column":50}},"200":{"start":{"line":484,"column":23},"end":{"line":484,"column":42}},"201":{"start":{"line":487,"column":8},"end":{"line":489,"column":10}},"202":{"start":{"line":488,"column":17},"end":{"line":488,"column":37}},"203":{"start":{"line":492,"column":8},"end":{"line":494,"column":10}},"204":{"start":{"line":493,"column":17},"end":{"line":493,"column":37}},"205":{"start":{"line":497,"column":8},"end":{"line":499,"column":9}},"206":{"start":{"line":498,"column":12},"end":{"line":498,"column":73}},"207":{"start":{"line":498,"column":56},"end":{"line":498,"column":71}},"208":{"start":{"line":503,"column":8},"end":{"line":505,"column":9}},"209":{"start":{"line":504,"column":12},"end":{"line":504,"column":51}},"210":{"start":{"line":508,"column":8},"end":{"line":510,"column":9}},"211":{"start":{"line":509,"column":12},"end":{"line":509,"column":19}},"212":{"start":{"line":512,"column":8},"end":{"line":526,"column":40}},"213":{"start":{"line":513,"column":12},"end":{"line":525,"column":13}},"214":{"start":{"line":515,"column":38},"end":{"line":515,"column":61}},"215":{"start":{"line":516,"column":16},"end":{"line":519,"column":19}},"216":{"start":{"line":522,"column":16},"end":{"line":524,"column":17}},"217":{"start":{"line":523,"column":20},"end":{"line":523,"column":99}},"218":{"start":{"line":531,"column":8},"end":{"line":531,"column":36}},"219":{"start":{"line":532,"column":8},"end":{"line":538,"column":10}},"220":{"start":{"line":539,"column":8},"end":{"line":539,"column":35}},"221":{"start":{"line":540,"column":8},"end":{"line":540,"column":33}},"222":{"start":{"line":545,"column":8},"end":{"line":545,"column":57}},"223":{"start":{"line":550,"column":8},"end":{"line":550,"column":76}},"224":{"start":{"line":550,"column":37},"end":{"line":550,"column":76}},"225":{"start":{"line":555,"column":8},"end":{"line":555,"column":36}},"226":{"start":{"line":558,"column":8},"end":{"line":558,"column":28}},"227":{"start":{"line":563,"column":23},"end":{"line":563,"column":43}},"228":{"start":{"line":565,"column":0},"end":{"line":565,"column":32}},"229":{"start":{"line":567,"column":0},"end":{"line":567,"column":44}}},"fnMap":{"0":{"name":"(anonymous_0)","decl":{"start":{"line":5,"column":4},"end":{"line":5,"column":5}},"loc":{"start":{"line":5,"column":27},"end":{"line":34,"column":5}},"line":5},"1":{"name":"(anonymous_1)","decl":{"start":{"line":37,"column":4},"end":{"line":37,"column":5}},"loc":{"start":{"line":37,"column":74},"end":{"line":88,"column":5}},"line":37},"2":{"name":"(anonymous_2)","decl":{"start":{"line":91,"column":4},"end":{"line":91,"column":5}},"loc":{"start":{"line":91,"column":33},"end":{"line":99,"column":5}},"line":91},"3":{"name":"(anonymous_3)","decl":{"start":{"line":102,"column":4},"end":{"line":102,"column":5}},"loc":{"start":{"line":102,"column":28},"end":{"line":132,"column":5}},"line":102},"4":{"name":"(anonymous_4)","decl":{"start":{"line":104,"column":20},"end":{"line":104,"column":21}},"loc":{"start":{"line":104,"column":25},"end":{"line":104,"column":59}},"line":104},"5":{"name":"(anonymous_5)","decl":{"start":{"line":105,"column":17},"end":{"line":105,"column":18}},"loc":{"start":{"line":105,"column":22},"end":{"line":105,"column":36}},"line":105},"6":{"name":"(anonymous_6)","decl":{"start":{"line":106,"column":18},"end":{"line":106,"column":19}},"loc":{"start":{"line":106,"column":28},"end":{"line":106,"column":33}},"line":106},"7":{"name":"(anonymous_7)","decl":{"start":{"line":119,"column":45},"end":{"line":119,"column":46}},"loc":{"start":{"line":119,"column":55},"end":{"line":119,"column":60}},"line":119},"8":{"name":"(anonymous_8)","decl":{"start":{"line":135,"column":4},"end":{"line":135,"column":5}},"loc":{"start":{"line":135,"column":25},"end":{"line":152,"column":5}},"line":135},"9":{"name":"(anonymous_9)","decl":{"start":{"line":155,"column":4},"end":{"line":155,"column":5}},"loc":{"start":{"line":155,"column":22},"end":{"line":176,"column":5}},"line":155},"10":{"name":"(anonymous_10)","decl":{"start":{"line":157,"column":12},"end":{"line":157,"column":13}},"loc":{"start":{"line":157,"column":17},"end":{"line":157,"column":51}},"line":157},"11":{"name":"(anonymous_11)","decl":{"start":{"line":161,"column":29},"end":{"line":161,"column":30}},"loc":{"start":{"line":161,"column":38},"end":{"line":163,"column":9}},"line":161},"12":{"name":"(anonymous_12)","decl":{"start":{"line":166,"column":12},"end":{"line":166,"column":13}},"loc":{"start":{"line":166,"column":17},"end":{"line":166,"column":51}},"line":166},"13":{"name":"(anonymous_13)","decl":{"start":{"line":179,"column":4},"end":{"line":179,"column":5}},"loc":{"start":{"line":179,"column":22},"end":{"line":189,"column":5}},"line":179},"14":{"name":"(anonymous_14)","decl":{"start":{"line":192,"column":4},"end":{"line":192,"column":5}},"loc":{"start":{"line":192,"column":23},"end":{"line":216,"column":5}},"line":192},"15":{"name":"(anonymous_15)","decl":{"start":{"line":219,"column":4},"end":{"line":219,"column":5}},"loc":{"start":{"line":219,"column":25},"end":{"line":232,"column":5}},"line":219},"16":{"name":"(anonymous_16)","decl":{"start":{"line":224,"column":12},"end":{"line":224,"column":13}},"loc":{"start":{"line":224,"column":17},"end":{"line":224,"column":43}},"line":224},"17":{"name":"(anonymous_17)","decl":{"start":{"line":235,"column":4},"end":{"line":235,"column":5}},"loc":{"start":{"line":235,"column":40},"end":{"line":290,"column":5}},"line":235},"18":{"name":"(anonymous_18)","decl":{"start":{"line":268,"column":16},"end":{"line":268,"column":17}},"loc":{"start":{"line":268,"column":21},"end":{"line":268,"column":65}},"line":268},"19":{"name":"(anonymous_19)","decl":{"start":{"line":271,"column":45},"end":{"line":271,"column":46}},"loc":{"start":{"line":271,"column":50},"end":{"line":271,"column":69}},"line":271},"20":{"name":"(anonymous_20)","decl":{"start":{"line":274,"column":40},"end":{"line":274,"column":41}},"loc":{"start":{"line":274,"column":52},"end":{"line":274,"column":72}},"line":274},"21":{"name":"(anonymous_21)","decl":{"start":{"line":293,"column":4},"end":{"line":293,"column":5}},"loc":{"start":{"line":293,"column":26},"end":{"line":306,"column":5}},"line":293},"22":{"name":"(anonymous_22)","decl":{"start":{"line":309,"column":4},"end":{"line":309,"column":5}},"loc":{"start":{"line":309,"column":35},"end":{"line":328,"column":5}},"line":309},"23":{"name":"(anonymous_23)","decl":{"start":{"line":331,"column":4},"end":{"line":331,"column":5}},"loc":{"start":{"line":331,"column":32},"end":{"line":370,"column":5}},"line":331},"24":{"name":"(anonymous_24)","decl":{"start":{"line":373,"column":4},"end":{"line":373,"column":5}},"loc":{"start":{"line":373,"column":28},"end":{"line":380,"column":5}},"line":373},"25":{"name":"(anonymous_25)","decl":{"start":{"line":384,"column":4},"end":{"line":384,"column":5}},"loc":{"start":{"line":384,"column":18},"end":{"line":449,"column":5}},"line":384},"26":{"name":"(anonymous_26)","decl":{"start":{"line":451,"column":4},"end":{"line":451,"column":5}},"loc":{"start":{"line":451,"column":26},"end":{"line":474,"column":5}},"line":451},"27":{"name":"(anonymous_27)","decl":{"start":{"line":476,"column":4},"end":{"line":476,"column":5}},"loc":{"start":{"line":476,"column":27},"end":{"line":480,"column":5}},"line":476},"28":{"name":"(anonymous_28)","decl":{"start":{"line":482,"column":4},"end":{"line":482,"column":5}},"loc":{"start":{"line":482,"column":18},"end":{"line":500,"column":5}},"line":482},"29":{"name":"(anonymous_29)","decl":{"start":{"line":488,"column":12},"end":{"line":488,"column":13}},"loc":{"start":{"line":488,"column":17},"end":{"line":488,"column":37}},"line":488},"30":{"name":"(anonymous_30)","decl":{"start":{"line":493,"column":12},"end":{"line":493,"column":13}},"loc":{"start":{"line":493,"column":17},"end":{"line":493,"column":37}},"line":493},"31":{"name":"(anonymous_31)","decl":{"start":{"line":498,"column":51},"end":{"line":498,"column":52}},"loc":{"start":{"line":498,"column":56},"end":{"line":498,"column":71}},"line":498},"32":{"name":"(anonymous_32)","decl":{"start":{"line":502,"column":4},"end":{"line":502,"column":5}},"loc":{"start":{"line":502,"column":29},"end":{"line":527,"column":5}},"line":502},"33":{"name":"(anonymous_33)","decl":{"start":{"line":512,"column":46},"end":{"line":512,"column":47}},"loc":{"start":{"line":512,"column":52},"end":{"line":526,"column":9}},"line":512},"34":{"name":"(anonymous_34)","decl":{"start":{"line":530,"column":4},"end":{"line":530,"column":5}},"loc":{"start":{"line":530,"column":12},"end":{"line":541,"column":5}},"line":530},"35":{"name":"(anonymous_35)","decl":{"start":{"line":544,"column":4},"end":{"line":544,"column":5}},"loc":{"start":{"line":544,"column":32},"end":{"line":546,"column":5}},"line":544},"36":{"name":"(anonymous_36)","decl":{"start":{"line":549,"column":4},"end":{"line":549,"column":5}},"loc":{"start":{"line":549,"column":15},"end":{"line":551,"column":5}},"line":549},"37":{"name":"(anonymous_37)","decl":{"start":{"line":554,"column":4},"end":{"line":554,"column":5}},"loc":{"start":{"line":554,"column":22},"end":{"line":556,"column":5}},"line":554},"38":{"name":"(anonymous_38)","decl":{"start":{"line":557,"column":4},"end":{"line":557,"column":5}},"loc":{"start":{"line":557,"column":22},"end":{"line":559,"column":5}},"line":557}},"branchMap":{"0":{"loc":{"start":{"line":7,"column":25},"end":{"line":7,"column":79}},"type":"cond-expr","locations":[{"start":{"line":7,"column":57},"end":{"line":7,"column":66}},{"start":{"line":7,"column":69},"end":{"line":7,"column":79}}],"line":7},"1":{"loc":{"start":{"line":31,"column":8},"end":{"line":33,"column":9}},"type":"if","locations":[{"start":{"line":31,"column":8},"end":{"line":33,"column":9}},{"start":{},"end":{}}],"line":31},"2":{"loc":{"start":{"line":37,"column":58},"end":{"line":37,"column":72}},"type":"default-arg","locations":[{"start":{"line":37,"column":67},"end":{"line":37,"column":72}}],"line":37},"3":{"loc":{"start":{"line":38,"column":8},"end":{"line":38,"column":41}},"type":"if","locations":[{"start":{"line":38,"column":8},"end":{"line":38,"column":41}},{"start":{},"end":{}}],"line":38},"4":{"loc":{"start":{"line":44,"column":8},"end":{"line":51,"column":9}},"type":"if","locations":[{"start":{"line":44,"column":8},"end":{"line":51,"column":9}},{"start":{},"end":{}}],"line":44},"5":{"loc":{"start":{"line":58,"column":8},"end":{"line":67,"column":9}},"type":"if","locations":[{"start":{"line":58,"column":8},"end":{"line":67,"column":9}},{"start":{},"end":{}}],"line":58},"6":{"loc":{"start":{"line":80,"column":8},"end":{"line":84,"column":9}},"type":"if","locations":[{"start":{"line":80,"column":8},"end":{"line":84,"column":9}},{"start":{"line":82,"column":15},"end":{"line":84,"column":9}}],"line":80},"7":{"loc":{"start":{"line":92,"column":8},"end":{"line":92,"column":41}},"type":"if","locations":[{"start":{"line":92,"column":8},"end":{"line":92,"column":41}},{"start":{},"end":{}}],"line":92},"8":{"loc":{"start":{"line":94,"column":8},"end":{"line":98,"column":9}},"type":"if","locations":[{"start":{"line":94,"column":8},"end":{"line":98,"column":9}},{"start":{"line":96,"column":15},"end":{"line":98,"column":9}}],"line":94},"9":{"loc":{"start":{"line":96,"column":15},"end":{"line":98,"column":9}},"type":"if","locations":[{"start":{"line":96,"column":15},"end":{"line":98,"column":9}},{"start":{},"end":{}}],"line":96},"10":{"loc":{"start":{"line":108,"column":8},"end":{"line":117,"column":9}},"type":"if","locations":[{"start":{"line":108,"column":8},"end":{"line":117,"column":9}},{"start":{},"end":{}}],"line":108},"11":{"loc":{"start":{"line":139,"column":40},"end":{"line":139,"column":88}},"type":"cond-expr","locations":[{"start":{"line":139,"column":57},"end":{"line":139,"column":84}},{"start":{"line":139,"column":87},"end":{"line":139,"column":88}}],"line":139},"12":{"loc":{"start":{"line":140,"column":30},"end":{"line":140,"column":83}},"type":"cond-expr","locations":[{"start":{"line":140,"column":47},"end":{"line":140,"column":79}},{"start":{"line":140,"column":82},"end":{"line":140,"column":83}}],"line":140},"13":{"loc":{"start":{"line":162,"column":48},"end":{"line":162,"column":85}},"type":"binary-expr","locations":[{"start":{"line":162,"column":48},"end":{"line":162,"column":80}},{"start":{"line":162,"column":84},"end":{"line":162,"column":85}}],"line":162},"14":{"loc":{"start":{"line":169,"column":26},"end":{"line":169,"column":93}},"type":"cond-expr","locations":[{"start":{"line":169,"column":46},"end":{"line":169,"column":89}},{"start":{"line":169,"column":92},"end":{"line":169,"column":93}}],"line":169},"15":{"loc":{"start":{"line":184,"column":21},"end":{"line":184,"column":77}},"type":"cond-expr","locations":[{"start":{"line":184,"column":33},"end":{"line":184,"column":73}},{"start":{"line":184,"column":76},"end":{"line":184,"column":77}}],"line":184},"16":{"loc":{"start":{"line":185,"column":22},"end":{"line":185,"column":80}},"type":"cond-expr","locations":[{"start":{"line":185,"column":34},"end":{"line":185,"column":76}},{"start":{"line":185,"column":79},"end":{"line":185,"column":80}}],"line":185},"17":{"loc":{"start":{"line":235,"column":25},"end":{"line":235,"column":38}},"type":"default-arg","locations":[{"start":{"line":235,"column":34},"end":{"line":235,"column":38}}],"line":235},"18":{"loc":{"start":{"line":240,"column":8},"end":{"line":260,"column":9}},"type":"switch","locations":[{"start":{"line":241,"column":12},"end":{"line":244,"column":22}},{"start":{"line":245,"column":12},"end":{"line":248,"column":22}},{"start":{"line":249,"column":12},"end":{"line":252,"column":22}},{"start":{"line":253,"column":12},"end":{"line":256,"column":22}},{"start":{"line":257,"column":12},"end":{"line":259,"column":43}}],"line":240},"19":{"loc":{"start":{"line":268,"column":21},"end":{"line":268,"column":65}},"type":"binary-expr","locations":[{"start":{"line":268,"column":21},"end":{"line":268,"column":40}},{"start":{"line":268,"column":44},"end":{"line":268,"column":65}}],"line":268},"20":{"loc":{"start":{"line":273,"column":16},"end":{"line":275,"column":23}},"type":"cond-expr","locations":[{"start":{"line":274,"column":22},"end":{"line":274,"column":96}},{"start":{"line":275,"column":22},"end":{"line":275,"column":23}}],"line":273},"21":{"loc":{"start":{"line":282,"column":27},"end":{"line":282,"column":89}},"type":"cond-expr","locations":[{"start":{"line":282,"column":51},"end":{"line":282,"column":85}},{"start":{"line":282,"column":88},"end":{"line":282,"column":89}}],"line":282},"22":{"loc":{"start":{"line":309,"column":18},"end":{"line":309,"column":33}},"type":"default-arg","locations":[{"start":{"line":309,"column":27},"end":{"line":309,"column":33}}],"line":309},"23":{"loc":{"start":{"line":319,"column":8},"end":{"line":321,"column":9}},"type":"if","locations":[{"start":{"line":319,"column":8},"end":{"line":321,"column":9}},{"start":{},"end":{}}],"line":319},"24":{"loc":{"start":{"line":377,"column":8},"end":{"line":379,"column":9}},"type":"if","locations":[{"start":{"line":377,"column":8},"end":{"line":379,"column":9}},{"start":{},"end":{}}],"line":377},"25":{"loc":{"start":{"line":388,"column":28},"end":{"line":388,"column":74}},"type":"cond-expr","locations":[{"start":{"line":388,"column":60},"end":{"line":388,"column":69}},{"start":{"line":388,"column":72},"end":{"line":388,"column":74}}],"line":388},"26":{"loc":{"start":{"line":389,"column":12},"end":{"line":389,"column":81}},"type":"if","locations":[{"start":{"line":389,"column":12},"end":{"line":389,"column":81}},{"start":{},"end":{}}],"line":389},"27":{"loc":{"start":{"line":389,"column":16},"end":{"line":389,"column":56}},"type":"binary-expr","locations":[{"start":{"line":389,"column":16},"end":{"line":389,"column":38}},{"start":{"line":389,"column":42},"end":{"line":389,"column":56}}],"line":389},"28":{"loc":{"start":{"line":393,"column":8},"end":{"line":393,"column":34}},"type":"if","locations":[{"start":{"line":393,"column":8},"end":{"line":393,"column":34}},{"start":{},"end":{}}],"line":393},"29":{"loc":{"start":{"line":398,"column":23},"end":{"line":398,"column":76}},"type":"cond-expr","locations":[{"start":{"line":398,"column":58},"end":{"line":398,"column":70}},{"start":{"line":398,"column":73},"end":{"line":398,"column":76}}],"line":398},"30":{"loc":{"start":{"line":399,"column":12},"end":{"line":399,"column":83}},"type":"if","locations":[{"start":{"line":399,"column":12},"end":{"line":399,"column":83}},{"start":{},"end":{}}],"line":399},"31":{"loc":{"start":{"line":399,"column":16},"end":{"line":399,"column":46}},"type":"binary-expr","locations":[{"start":{"line":399,"column":16},"end":{"line":399,"column":33}},{"start":{"line":399,"column":37},"end":{"line":399,"column":46}}],"line":399},"32":{"loc":{"start":{"line":399,"column":64},"end":{"line":399,"column":82}},"type":"binary-expr","locations":[{"start":{"line":399,"column":64},"end":{"line":399,"column":77}},{"start":{"line":399,"column":81},"end":{"line":399,"column":82}}],"line":399},"33":{"loc":{"start":{"line":408,"column":8},"end":{"line":418,"column":9}},"type":"if","locations":[{"start":{"line":408,"column":8},"end":{"line":418,"column":9}},{"start":{},"end":{}}],"line":408},"34":{"loc":{"start":{"line":408,"column":12},"end":{"line":408,"column":83}},"type":"binary-expr","locations":[{"start":{"line":408,"column":12},"end":{"line":408,"column":37}},{"start":{"line":408,"column":41},"end":{"line":408,"column":58}},{"start":{"line":408,"column":62},"end":{"line":408,"column":83}}],"line":408},"35":{"loc":{"start":{"line":425,"column":8},"end":{"line":427,"column":9}},"type":"if","locations":[{"start":{"line":425,"column":8},"end":{"line":427,"column":9}},{"start":{},"end":{}}],"line":425},"36":{"loc":{"start":{"line":433,"column":28},"end":{"line":433,"column":47}},"type":"binary-expr","locations":[{"start":{"line":433,"column":28},"end":{"line":433,"column":42}},{"start":{"line":433,"column":46},"end":{"line":433,"column":47}}],"line":433},"37":{"loc":{"start":{"line":433,"column":52},"end":{"line":433,"column":73}},"type":"binary-expr","locations":[{"start":{"line":433,"column":52},"end":{"line":433,"column":68}},{"start":{"line":433,"column":72},"end":{"line":433,"column":73}}],"line":433},"38":{"loc":{"start":{"line":435,"column":8},"end":{"line":437,"column":9}},"type":"if","locations":[{"start":{"line":435,"column":8},"end":{"line":437,"column":9}},{"start":{},"end":{}}],"line":435},"39":{"loc":{"start":{"line":453,"column":28},"end":{"line":453,"column":74}},"type":"cond-expr","locations":[{"start":{"line":453,"column":60},"end":{"line":453,"column":69}},{"start":{"line":453,"column":72},"end":{"line":453,"column":74}}],"line":453},"40":{"loc":{"start":{"line":454,"column":12},"end":{"line":456,"column":13}},"type":"if","locations":[{"start":{"line":454,"column":12},"end":{"line":456,"column":13}},{"start":{},"end":{}}],"line":454},"41":{"loc":{"start":{"line":454,"column":16},"end":{"line":454,"column":63}},"type":"binary-expr","locations":[{"start":{"line":454,"column":16},"end":{"line":454,"column":39}},{"start":{"line":454,"column":43},"end":{"line":454,"column":63}}],"line":454},"42":{"loc":{"start":{"line":460,"column":26},"end":{"line":460,"column":41}},"type":"binary-expr","locations":[{"start":{"line":460,"column":26},"end":{"line":460,"column":35}},{"start":{"line":460,"column":39},"end":{"line":460,"column":41}}],"line":460},"43":{"loc":{"start":{"line":461,"column":33},"end":{"line":461,"column":44}},"type":"binary-expr","locations":[{"start":{"line":461,"column":33},"end":{"line":461,"column":39}},{"start":{"line":461,"column":43},"end":{"line":461,"column":44}}],"line":461},"44":{"loc":{"start":{"line":462,"column":33},"end":{"line":462,"column":55}},"type":"binary-expr","locations":[{"start":{"line":462,"column":33},"end":{"line":462,"column":38}},{"start":{"line":462,"column":42},"end":{"line":462,"column":50}},{"start":{"line":462,"column":54},"end":{"line":462,"column":55}}],"line":462},"45":{"loc":{"start":{"line":463,"column":33},"end":{"line":463,"column":44}},"type":"binary-expr","locations":[{"start":{"line":463,"column":33},"end":{"line":463,"column":39}},{"start":{"line":463,"column":43},"end":{"line":463,"column":44}}],"line":463},"46":{"loc":{"start":{"line":464,"column":33},"end":{"line":464,"column":44}},"type":"binary-expr","locations":[{"start":{"line":464,"column":33},"end":{"line":464,"column":39}},{"start":{"line":464,"column":43},"end":{"line":464,"column":44}}],"line":464},"47":{"loc":{"start":{"line":465,"column":35},"end":{"line":465,"column":45}},"type":"binary-expr","locations":[{"start":{"line":465,"column":35},"end":{"line":465,"column":40}},{"start":{"line":465,"column":44},"end":{"line":465,"column":45}}],"line":465},"48":{"loc":{"start":{"line":503,"column":8},"end":{"line":505,"column":9}},"type":"if","locations":[{"start":{"line":503,"column":8},"end":{"line":505,"column":9}},{"start":{},"end":{}}],"line":503},"49":{"loc":{"start":{"line":508,"column":8},"end":{"line":510,"column":9}},"type":"if","locations":[{"start":{"line":508,"column":8},"end":{"line":510,"column":9}},{"start":{},"end":{}}],"line":508},"50":{"loc":{"start":{"line":513,"column":12},"end":{"line":525,"column":13}},"type":"if","locations":[{"start":{"line":513,"column":12},"end":{"line":525,"column":13}},{"start":{},"end":{}}],"line":513},"51":{"loc":{"start":{"line":522,"column":16},"end":{"line":524,"column":17}},"type":"if","locations":[{"start":{"line":522,"column":16},"end":{"line":524,"column":17}},{"start":{},"end":{}}],"line":522},"52":{"loc":{"start":{"line":545,"column":15},"end":{"line":545,"column":56}},"type":"binary-expr","locations":[{"start":{"line":545,"column":15},"end":{"line":545,"column":48}},{"start":{"line":545,"column":52},"end":{"line":545,"column":56}}],"line":545},"53":{"loc":{"start":{"line":550,"column":8},"end":{"line":550,"column":76}},"type":"if","locations":[{"start":{"line":550,"column":8},"end":{"line":550,"column":76}},{"start":{},"end":{}}],"line":550}},"s":{"0":1,"1":1,"2":1,"3":1,"4":1,"5":1,"6":1,"7":1,"8":1,"9":1,"10":1,"11":1,"12":0,"13":0,"14":0,"15":0,"16":0,"17":0,"18":0,"19":0,"20":0,"21":0,"22":0,"23":0,"24":0,"25":0,"26":0,"27":0,"28":0,"29":0,"30":0,"31":0,"32":0,"33":0,"34":0,"35":0,"36":0,"37":0,"38":0,"39":0,"40":0,"41":0,"42":0,"43":0,"44":0,"45":0,"46":0,"47":0,"48":0,"49":0,"50":0,"51":0,"52":0,"53":0,"54":0,"55":0,"56":0,"57":0,"58":0,"59":0,"60":0,"61":0,"62":0,"63":0,"64":0,"65":0,"66":0,"67":0,"68":0,"69":0,"70":0,"71":0,"72":0,"73":0,"74":0,"75":0,"76":0,"77":0,"78":0,"79":0,"80":0,"81":0,"82":0,"83":0,"84":0,"85":0,"86":0,"87":0,"88":0,"89":0,"90":0,"91":0,"92":0,"93":0,"94":0,"95":0,"96":0,"97":0,"98":0,"99":0,"100":0,"101":0,"102":0,"103":0,"104":0,"105":0,"106":0,"107":0,"108":0,"109":0,"110":0,"111":0,"112":0,"113":0,"114":0,"115":0,"116":0,"117":0,"118":0,"119":0,"120":0,"121":0,"122":0,"123":0,"124":0,"125":0,"126":0,"127":0,"128":0,"129":0,"130":0,"131":0,"132":0,"133":0,"134":0,"135":0,"136":0,"137":0,"138":0,"139":0,"140":0,"141":0,"142":0,"143":0,"144":0,"145":0,"146":0,"147":0,"148":0,"149":0,"150":0,"151":0,"152":0,"153":0,"154":0,"155":0,"156":0,"157":0,"158":0,"159":0,"160":0,"161":0,"162":0,"163":0,"164":0,"165":0,"166":0,"167":0,"168":0,"169":0,"170":0,"171":0,"172":0,"173":0,"174":0,"175":0,"176":0,"177":0,"178":0,"179":0,"180":0,"181":0,"182":0,"183":0,"184":0,"185":0,"186":0,"187":0,"188":0,"189":0,"190":0,"191":0,"192":0,"193":0,"194":0,"195":0,"196":0,"197":0,"198":0,"199":0,"200":0,"201":0,"202":0,"203":0,"204":0,"205":0,"206":0,"207":0,"208":0,"209":0,"210":0,"211":0,"212":0,"213":0,"214":0,"215":0,"216":0,"217":0,"218":0,"219":0,"220":0,"221":0,"222":0,"223":0,"224":0,"225":0,"226":0,"227":1,"228":1,"229":1},"f":{"0":1,"1":0,"2":0,"3":0,"4":0,"5":0,"6":0,"7":0,"8":0,"9":0,"10":0,"11":0,"12":0,"13":0,"14":0,"15":0,"16":0,"17":0,"18":0,"19":0,"20":0,"21":0,"22":0,"23":0,"24":0,"25":0,"26":0,"27":0,"28":0,"29":0,"30":0,"31":0,"32":0,"33":0,"34":0,"35":0,"36":0,"37":0,"38":0},"b":{"0":[0,1],"1":[0,1],"2":[0],"3":[0,0],"4":[0,0],"5":[0,0],"6":[0,0],"7":[0,0],"8":[0,0],"9":[0,0],"10":[0,0],"11":[0,0],"12":[0,0],"13":[0,0],"14":[0,0],"15":[0,0],"16":[0,0],"17":[0],"18":[0,0,0,0,0],"19":[0,0],"20":[0,0],"21":[0,0],"22":[0],"23":[0,0],"24":[0,0],"25":[0,0],"26":[0,0],"27":[0,0],"28":[0,0],"29":[0,0],"30":[0,0],"31":[0,0],"32":[0,0],"33":[0,0],"34":[0,0,0],"35":[0,0],"36":[0,0],"37":[0,0],"38":[0,0],"39":[0,0],"40":[0,0],"41":[0,0],"42":[0,0],"43":[0,0],"44":[0,0,0],"45":[0,0],"46":[0,0],"47":[0,0],"48":[0,0],"49":[0,0],"50":[0,0],"51":[0,0],"52":[0,0],"53":[0,0]},"_coverageSchema":"1a1c01bbd47fc00a2c39e90264f33305004495a9","hash":"0502bbf8381d53c6a862a3479fbecc4b70230ef8"},"/var/www/posterrama/utils/logger.js":{"path":"/var/www/posterrama/utils/logger.js","statementMap":{"0":{"start":{"line":1,"column":16},"end":{"line":1,"column":34}},"1":{"start":{"line":2,"column":25},"end":{"line":2,"column":42}},"2":{"start":{"line":3,"column":13},"end":{"line":3,"column":28}},"3":{"start":{"line":4,"column":11},"end":{"line":4,"column":24}},"4":{"start":{"line":7,"column":16},"end":{"line":7,"column":50}},"5":{"start":{"line":8,"column":0},"end":{"line":10,"column":1}},"6":{"start":{"line":9,"column":4},"end":{"line":9,"column":47}},"7":{"start":{"line":13,"column":22},"end":{"line":31,"column":2}},"8":{"start":{"line":15,"column":4},"end":{"line":15,"column":39}},"9":{"start":{"line":16,"column":4},"end":{"line":29,"column":5}},"10":{"start":{"line":17,"column":8},"end":{"line":28,"column":9}},"11":{"start":{"line":18,"column":12},"end":{"line":25,"column":14}},"12":{"start":{"line":21,"column":20},"end":{"line":21,"column":76}},"13":{"start":{"line":21,"column":49},"end":{"line":21,"column":76}},"14":{"start":{"line":22,"column":20},"end":{"line":22,"column":33}},"15":{"start":{"line":27,"column":12},"end":{"line":27,"column":53}},"16":{"start":{"line":30,"column":4},"end":{"line":30,"column":16}},"17":{"start":{"line":34,"column":21},"end":{"line":64,"column":1}},"18":{"start":{"line":38,"column":12},"end":{"line":58,"column":13}},"19":{"start":{"line":39,"column":31},"end":{"line":39,"column":55}},"20":{"start":{"line":40,"column":33},"end":{"line":40,"column":63}},"21":{"start":{"line":42,"column":16},"end":{"line":52,"column":17}},"22":{"start":{"line":43,"column":20},"end":{"line":46,"column":23}},"23":{"start":{"line":48,"column":20},"end":{"line":51,"column":23}},"24":{"start":{"line":54,"column":16},"end":{"line":57,"column":19}},"25":{"start":{"line":67,"column":24},"end":{"line":131,"column":2}},"26":{"start":{"line":73,"column":12},"end":{"line":102,"column":13}},"27":{"start":{"line":74,"column":31},"end":{"line":74,"column":55}},"28":{"start":{"line":75,"column":33},"end":{"line":75,"column":63}},"29":{"start":{"line":77,"column":16},"end":{"line":93,"column":17}},"30":{"start":{"line":79,"column":20},"end":{"line":84,"column":43}},"31":{"start":{"line":87,"column":20},"end":{"line":92,"column":43}},"32":{"start":{"line":96,"column":16},"end":{"line":101,"column":39}},"33":{"start":{"line":104,"column":12},"end":{"line":108,"column":14}},"34":{"start":{"line":115,"column":12},"end":{"line":127,"column":13}},"35":{"start":{"line":117,"column":16},"end":{"line":119,"column":17}},"36":{"start":{"line":118,"column":20},"end":{"line":118,"column":46}},"37":{"start":{"line":120,"column":16},"end":{"line":120,"column":46}},"38":{"start":{"line":121,"column":16},"end":{"line":126,"column":17}},"39":{"start":{"line":123,"column":20},"end":{"line":123,"column":53}},"40":{"start":{"line":128,"column":12},"end":{"line":128,"column":23}},"41":{"start":{"line":134,"column":19},"end":{"line":139,"column":1}},"42":{"start":{"line":141,"column":0},"end":{"line":157,"column":1}},"43":{"start":{"line":142,"column":4},"end":{"line":156,"column":6}},"44":{"start":{"line":160,"column":15},"end":{"line":169,"column":2}},"45":{"start":{"line":172,"column":0},"end":{"line":172,"column":23}},"46":{"start":{"line":175,"column":29},"end":{"line":175,"column":95}},"47":{"start":{"line":178,"column":0},"end":{"line":182,"column":2}},"48":{"start":{"line":179,"column":4},"end":{"line":181,"column":6}},"49":{"start":{"line":180,"column":21},"end":{"line":180,"column":79}},"50":{"start":{"line":185,"column":0},"end":{"line":185,"column":55}},"51":{"start":{"line":185,"column":27},"end":{"line":185,"column":54}},"52":{"start":{"line":186,"column":0},"end":{"line":186,"column":55}},"53":{"start":{"line":186,"column":27},"end":{"line":186,"column":54}},"54":{"start":{"line":187,"column":0},"end":{"line":187,"column":57}},"55":{"start":{"line":187,"column":28},"end":{"line":187,"column":56}},"56":{"start":{"line":188,"column":0},"end":{"line":188,"column":57}},"57":{"start":{"line":188,"column":28},"end":{"line":188,"column":56}},"58":{"start":{"line":189,"column":0},"end":{"line":189,"column":57}},"59":{"start":{"line":189,"column":28},"end":{"line":189,"column":56}},"60":{"start":{"line":192,"column":0},"end":{"line":205,"column":2}},"61":{"start":{"line":193,"column":15},"end":{"line":193,"column":37}},"62":{"start":{"line":194,"column":4},"end":{"line":203,"column":5}},"63":{"start":{"line":195,"column":23},"end":{"line":195,"column":53}},"64":{"start":{"line":196,"column":31},"end":{"line":196,"column":58}},"65":{"start":{"line":197,"column":8},"end":{"line":202,"column":9}},"66":{"start":{"line":198,"column":12},"end":{"line":201,"column":15}},"67":{"start":{"line":199,"column":38},"end":{"line":199,"column":55}},"68":{"start":{"line":200,"column":16},"end":{"line":200,"column":86}},"69":{"start":{"line":204,"column":4},"end":{"line":204,"column":30}},"70":{"start":{"line":207,"column":0},"end":{"line":207,"column":24}}},"fnMap":{"0":{"name":"(anonymous_0)","decl":{"start":{"line":13,"column":37},"end":{"line":13,"column":38}},"loc":{"start":{"line":13,"column":45},"end":{"line":31,"column":1}},"line":13},"1":{"name":"(anonymous_1)","decl":{"start":{"line":20,"column":16},"end":{"line":20,"column":17}},"loc":{"start":{"line":20,"column":32},"end":{"line":23,"column":17}},"line":20},"2":{"name":"(anonymous_2)","decl":{"start":{"line":37,"column":16},"end":{"line":37,"column":17}},"loc":{"start":{"line":37,"column":22},"end":{"line":59,"column":9}},"line":37},"3":{"name":"(anonymous_3)","decl":{"start":{"line":70,"column":23},"end":{"line":70,"column":24}},"loc":{"start":{"line":70,"column":31},"end":{"line":109,"column":9}},"line":70},"4":{"name":"(anonymous_4)","decl":{"start":{"line":113,"column":15},"end":{"line":113,"column":16}},"loc":{"start":{"line":113,"column":46},"end":{"line":129,"column":9}},"line":113},"5":{"name":"(anonymous_5)","decl":{"start":{"line":178,"column":32},"end":{"line":178,"column":33}},"loc":{"start":{"line":178,"column":43},"end":{"line":182,"column":1}},"line":178},"6":{"name":"(anonymous_6)","decl":{"start":{"line":180,"column":8},"end":{"line":180,"column":9}},"loc":{"start":{"line":180,"column":21},"end":{"line":180,"column":79}},"line":180},"7":{"name":"(anonymous_7)","decl":{"start":{"line":185,"column":14},"end":{"line":185,"column":15}},"loc":{"start":{"line":185,"column":27},"end":{"line":185,"column":54}},"line":185},"8":{"name":"(anonymous_8)","decl":{"start":{"line":186,"column":14},"end":{"line":186,"column":15}},"loc":{"start":{"line":186,"column":27},"end":{"line":186,"column":54}},"line":186},"9":{"name":"(anonymous_9)","decl":{"start":{"line":187,"column":15},"end":{"line":187,"column":16}},"loc":{"start":{"line":187,"column":28},"end":{"line":187,"column":56}},"line":187},"10":{"name":"(anonymous_10)","decl":{"start":{"line":188,"column":15},"end":{"line":188,"column":16}},"loc":{"start":{"line":188,"column":28},"end":{"line":188,"column":56}},"line":188},"11":{"name":"(anonymous_11)","decl":{"start":{"line":189,"column":15},"end":{"line":189,"column":16}},"loc":{"start":{"line":189,"column":28},"end":{"line":189,"column":56}},"line":189},"12":{"name":"(anonymous_12)","decl":{"start":{"line":192,"column":23},"end":{"line":192,"column":24}},"loc":{"start":{"line":192,"column":54},"end":{"line":205,"column":1}},"line":192},"13":{"name":"(anonymous_13)","decl":{"start":{"line":198,"column":31},"end":{"line":198,"column":32}},"loc":{"start":{"line":198,"column":38},"end":{"line":201,"column":13}},"line":198}},"branchMap":{"0":{"loc":{"start":{"line":8,"column":0},"end":{"line":10,"column":1}},"type":"if","locations":[{"start":{"line":8,"column":0},"end":{"line":10,"column":1}},{"start":{},"end":{}}],"line":8},"1":{"loc":{"start":{"line":16,"column":4},"end":{"line":29,"column":5}},"type":"if","locations":[{"start":{"line":16,"column":4},"end":{"line":29,"column":5}},{"start":{},"end":{}}],"line":16},"2":{"loc":{"start":{"line":16,"column":8},"end":{"line":16,"column":65}},"type":"binary-expr","locations":[{"start":{"line":16,"column":8},"end":{"line":16,"column":40}},{"start":{"line":16,"column":44},"end":{"line":16,"column":65}}],"line":16},"3":{"loc":{"start":{"line":21,"column":20},"end":{"line":21,"column":76}},"type":"if","locations":[{"start":{"line":21,"column":20},"end":{"line":21,"column":76}},{"start":{},"end":{}}],"line":21},"4":{"loc":{"start":{"line":21,"column":24},"end":{"line":21,"column":47}},"type":"binary-expr","locations":[{"start":{"line":21,"column":24},"end":{"line":21,"column":38}},{"start":{"line":21,"column":42},"end":{"line":21,"column":47}}],"line":21},"5":{"loc":{"start":{"line":40,"column":33},"end":{"line":40,"column":63}},"type":"binary-expr","locations":[{"start":{"line":40,"column":33},"end":{"line":40,"column":53}},{"start":{"line":40,"column":57},"end":{"line":40,"column":63}}],"line":40},"6":{"loc":{"start":{"line":42,"column":16},"end":{"line":52,"column":17}},"type":"if","locations":[{"start":{"line":42,"column":16},"end":{"line":52,"column":17}},{"start":{"line":47,"column":23},"end":{"line":52,"column":17}}],"line":42},"7":{"loc":{"start":{"line":75,"column":33},"end":{"line":75,"column":63}},"type":"binary-expr","locations":[{"start":{"line":75,"column":33},"end":{"line":75,"column":53}},{"start":{"line":75,"column":57},"end":{"line":75,"column":63}}],"line":75},"8":{"loc":{"start":{"line":77,"column":16},"end":{"line":93,"column":17}},"type":"if","locations":[{"start":{"line":77,"column":16},"end":{"line":93,"column":17}},{"start":{"line":85,"column":23},"end":{"line":93,"column":17}}],"line":77},"9":{"loc":{"start":{"line":115,"column":12},"end":{"line":127,"column":13}},"type":"if","locations":[{"start":{"line":115,"column":12},"end":{"line":127,"column":13}},{"start":{},"end":{}}],"line":115},"10":{"loc":{"start":{"line":117,"column":16},"end":{"line":119,"column":17}},"type":"if","locations":[{"start":{"line":117,"column":16},"end":{"line":119,"column":17}},{"start":{},"end":{}}],"line":117},"11":{"loc":{"start":{"line":141,"column":0},"end":{"line":157,"column":1}},"type":"if","locations":[{"start":{"line":141,"column":0},"end":{"line":157,"column":1}},{"start":{},"end":{}}],"line":141},"12":{"loc":{"start":{"line":161,"column":11},"end":{"line":161,"column":85}},"type":"cond-expr","locations":[{"start":{"line":161,"column":45},"end":{"line":161,"column":51}},{"start":{"line":161,"column":54},"end":{"line":161,"column":85}}],"line":161},"13":{"loc":{"start":{"line":161,"column":54},"end":{"line":161,"column":85}},"type":"binary-expr","locations":[{"start":{"line":161,"column":54},"end":{"line":161,"column":75}},{"start":{"line":161,"column":79},"end":{"line":161,"column":85}}],"line":161},"14":{"loc":{"start":{"line":165,"column":8},"end":{"line":167,"column":24}},"type":"cond-expr","locations":[{"start":{"line":166,"column":14},"end":{"line":166,"column":31}},{"start":{"line":167,"column":14},"end":{"line":167,"column":24}}],"line":165},"15":{"loc":{"start":{"line":168,"column":12},"end":{"line":168,"column":81}},"type":"binary-expr","locations":[{"start":{"line":168,"column":12},"end":{"line":168,"column":43}},{"start":{"line":168,"column":47},"end":{"line":168,"column":81}}],"line":168},"16":{"loc":{"start":{"line":180,"column":21},"end":{"line":180,"column":79}},"type":"binary-expr","locations":[{"start":{"line":180,"column":21},"end":{"line":180,"column":48}},{"start":{"line":180,"column":52},"end":{"line":180,"column":79}}],"line":180},"17":{"loc":{"start":{"line":192,"column":24},"end":{"line":192,"column":36}},"type":"default-arg","locations":[{"start":{"line":192,"column":32},"end":{"line":192,"column":36}}],"line":192},"18":{"loc":{"start":{"line":192,"column":38},"end":{"line":192,"column":49}},"type":"default-arg","locations":[{"start":{"line":192,"column":46},"end":{"line":192,"column":49}}],"line":192},"19":{"loc":{"start":{"line":194,"column":4},"end":{"line":203,"column":5}},"type":"if","locations":[{"start":{"line":194,"column":4},"end":{"line":203,"column":5}},{"start":{},"end":{}}],"line":194},"20":{"loc":{"start":{"line":197,"column":8},"end":{"line":202,"column":9}},"type":"if","locations":[{"start":{"line":197,"column":8},"end":{"line":202,"column":9}},{"start":{},"end":{}}],"line":197},"21":{"loc":{"start":{"line":200,"column":23},"end":{"line":200,"column":85}},"type":"binary-expr","locations":[{"start":{"line":200,"column":23},"end":{"line":200,"column":50}},{"start":{"line":200,"column":54},"end":{"line":200,"column":85}}],"line":200}},"s":{"0":1,"1":1,"2":1,"3":1,"4":1,"5":1,"6":0,"7":1,"8":0,"9":0,"10":0,"11":0,"12":0,"13":0,"14":0,"15":0,"16":0,"17":1,"18":0,"19":0,"20":0,"21":0,"22":0,"23":0,"24":0,"25":1,"26":0,"27":0,"28":0,"29":0,"30":0,"31":0,"32":0,"33":0,"34":0,"35":0,"36":0,"37":0,"38":0,"39":0,"40":0,"41":1,"42":1,"43":0,"44":1,"45":1,"46":1,"47":1,"48":0,"49":0,"50":1,"51":0,"52":1,"53":0,"54":1,"55":0,"56":1,"57":0,"58":1,"59":0,"60":1,"61":0,"62":0,"63":0,"64":0,"65":0,"66":0,"67":0,"68":0,"69":0,"70":1},"f":{"0":0,"1":0,"2":0,"3":0,"4":0,"5":0,"6":0,"7":0,"8":0,"9":0,"10":0,"11":0,"12":0,"13":0},"b":{"0":[0,1],"1":[0,0],"2":[0,0],"3":[0,0],"4":[0,0],"5":[0,0],"6":[0,0],"7":[0,0],"8":[0,0],"9":[0,0],"10":[0,0],"11":[0,1],"12":[1,0],"13":[0,0],"14":[1,0],"15":[1,1],"16":[0,0],"17":[0],"18":[0],"19":[0,0],"20":[0,0],"21":[0,0]},"_coverageSchema":"1a1c01bbd47fc00a2c39e90264f33305004495a9","hash":"29ac33076bc18aa247a004869ff08a0ab8cff65e"}}}
